src/__tests__/integration/model-provider-integration.test.ts(20,16): error TS2304: Cannot find name 'vi'.
src/__tests__/integration/model-provider-integration.test.ts(22,19): error TS2304: Cannot find name 'vi'.
src/__tests__/integration/model-provider-integration.test.ts(56,25): error TS2304: Cannot find name 'vi'.
src/__tests__/integration/model-provider-integration.test.ts(60,47): error TS2345: Argument of type 'string' is not assignable to parameter of type 'Tag<unknown, unknown>'.
src/__tests__/integration/model-provider-integration.test.ts(93,60): error TS2345: Argument of type 'string' is not assignable to parameter of type 'Tag<{ fetch: any; }, { fetch: any; }>'.
src/__tests__/integration/model-provider-integration.test.ts(97,25): error TS2304: Cannot find name 'vi'.
src/__tests__/integration/model-provider-integration.test.ts(100,47): error TS2345: Argument of type 'string' is not assignable to parameter of type 'Tag<unknown, unknown>'.
src/__tests__/integration/model-provider-integration.test.ts(120,33): error TS2339: Property 'callModelApi' does not exist on type 'ProviderServiceApi'.
src/__tests__/integration/model-provider-integration.test.ts(128,20): error TS18046: 'response' is of type 'unknown'.
src/__tests__/integration/model-provider-integration.test.ts(129,20): error TS18046: 'response' is of type 'unknown'.
src/__tests__/integration/websocket-runtime-integration.test.ts(178,86): error TS2345: Argument of type '{ send: (agentRuntimeId: AgentRuntimeId, payload: unknown) => Effect.Effect<undefined, never, never>; subscribe: (agentRuntimeId: AgentRuntimeId) => Stream.Stream<{ sequence: number; timestamp: string; type: "output"; payload: { ...; }; agentRuntimeId: AgentRuntimeId; }, never, never>; create: <S>() => Effect.Effect...' is not assignable to parameter of type '{ isActive: () => Effect.Effect<boolean, never>; getUrl: () => Effect.Effect<string, never>; }'.
  Type '{ send: (agentRuntimeId: AgentRuntimeId, payload: unknown) => Effect<undefined, never, never>; subscribe: (agentRuntimeId: AgentRuntimeId) => Stream<...>; create: <S>() => Effect<...>; terminate: (agentRuntimeId: AgentRuntimeId) => Effect<...>; getState: <S>(agentRuntimeId: AgentRuntimeId) => Effect<...>; }' is missing the following properties from type '{ isActive: () => Effect<boolean, never, never>; getUrl: () => Effect<string, never, never>; }': isActive, getUrl
src/__tests__/mocks/service-mocks.ts(65,14): error TS2322: Type 'Layer<T, unknown, never>' is not assignable to type 'Layer<T, never, never>'.
  Type 'unknown' is not assignable to type 'never'.
src/agent-runtime/__tests__/service.test.ts(35,21): error TS2345: Argument of type 'Effect<void, Error | AgentRuntimeError, AgentRuntimeServiceApi>' is not assignable to parameter of type 'Effect<void, Error | AgentRuntimeError, never>'.
  Type 'AgentRuntimeServiceApi' is not assignable to type 'never'.
src/agent-runtime/__tests__/service.test.ts(53,21): error TS2345: Argument of type 'Effect<void, Error | AgentRuntimeError | AgentRuntime<{ count: number; }>, AgentRuntimeServiceApi>' is not assignable to parameter of type 'Effect<void, Error | AgentRuntimeError | AgentRuntime<{ count: number; }>, never>'.
  Type 'AgentRuntimeServiceApi' is not assignable to type 'never'.
src/agent-runtime/__tests__/service.test.ts(61,31): error TS2339: Property 'agentRuntimeId' does not exist on type 'Error | AgentRuntimeError'.
  Property 'agentRuntimeId' does not exist on type 'Error'.
src/agent-runtime/__tests__/service.test.ts(68,21): error TS2345: Argument of type 'Effect<void, Error | AgentRuntimeNotFoundError | AgentRuntimeTerminatedError, AgentRuntimeServiceApi>' is not assignable to parameter of type 'Effect<void, Error | AgentRuntimeNotFoundError | AgentRuntimeTerminatedError, never>'.
  Type 'AgentRuntimeServiceApi' is not assignable to type 'never'.
src/agent-runtime/__tests__/service.test.ts(84,41): error TS2345: Argument of type 'AgentRecord' is not assignable to parameter of type 'AgentActivity'.
  Property 'sequence' is missing in type 'AgentRecord' but required in type 'AgentActivity'.
src/agent-runtime/__tests__/service.test.ts(91,21): error TS2345: Argument of type 'Effect<void, void, AgentRuntimeServiceApi>' is not assignable to parameter of type 'Effect<void, void, never>'.
  Type 'AgentRuntimeServiceApi' is not assignable to type 'never'.
src/agent-runtime/__tests__/service.test.ts(104,68): error TS2345: Argument of type 'AgentRecord' is not assignable to parameter of type 'AgentActivity'.
src/agent-runtime/__tests__/service.test.ts(113,21): error TS2345: Argument of type 'Effect<void, unknown, unknown>' is not assignable to parameter of type 'Effect<void, unknown, never>'.
  Type 'unknown' is not assignable to type 'never'.
src/agent-runtime/__tests__/service.test.ts(124,24): error TS2304: Cannot find name 'pipe'.
src/agent-runtime/__tests__/service.test.ts(126,21): error TS2304: Cannot find name 'Stream'.
src/agent-runtime/__tests__/service.test.ts(126,32): error TS7006: Parameter 'record' implicitly has an 'any' type.
src/agent-runtime/__tests__/service.test.ts(129,21): error TS2304: Cannot find name 'Stream'.
src/agent-runtime/__tests__/service.test.ts(130,21): error TS2304: Cannot find name 'Stream'.
src/agent-runtime/__tests__/service.test.ts(144,41): error TS2345: Argument of type 'AgentRecord' is not assignable to parameter of type 'AgentActivity'.
src/agent-runtime/__tests__/service.test.ts(160,21): error TS2345: Argument of type 'Effect<void, void | Error | AgentRuntimeNotFoundError, AgentRuntimeServiceApi>' is not assignable to parameter of type 'Effect<void, void | Error | AgentRuntimeNotFoundError, never>'.
  Type 'AgentRuntimeServiceApi' is not assignable to type 'never'.
src/agent-runtime/__tests__/service.test.ts(177,68): error TS2345: Argument of type 'AgentRecord' is not assignable to parameter of type 'AgentActivity'.
src/ea/pipelines/categorization/service.ts(16,61): error TS2307: Cannot find module './types.js' or its corresponding type declarations.
src/ea/pipelines/categorization/service.ts(84,5): error TS2769: No overload matches this call.
  The last overload gave the following error.
    Argument of type 'typeof CategorizationPipeline' is not assignable to parameter of type 'string'.
src/ea/pipelines/categorization/service.ts(115,92): error TS7006: Parameter 'cluster' implicitly has an 'any' type.
src/ea/pipelines/categorization/service.ts(115,101): error TS7006: Parameter 'i' implicitly has an 'any' type.
src/ea/pipelines/categorization/service.ts(207,94): error TS7006: Parameter 'cluster' implicitly has an 'any' type.
src/ea/pipelines/categorization/service.ts(207,103): error TS7006: Parameter 'i' implicitly has an 'any' type.
src/ea/pipelines/coder-chat/index.ts(7,1): error TS2308: Module "./contract.js" has already exported a member named 'CoderChatPipelineError'. Consider explicitly re-exporting to resolve the ambiguity.
src/ea/pipelines/coder-chat/service.ts(14,39): error TS2307: Cannot find module './types.js' or its corresponding type declarations.
src/ea/pipelines/coder-chat/service.ts(70,5): error TS2769: No overload matches this call.
  The last overload gave the following error.
    Argument of type 'typeof CoderChatPipeline' is not assignable to parameter of type 'string'.
src/ea/pipelines/planning/index.ts(7,1): error TS2308: Module "./contract.js" has already exported a member named 'PlanningPipelineError'. Consider explicitly re-exporting to resolve the ambiguity.
src/ea/pipelines/query-analysis/index.ts(7,1): error TS2308: Module "./contract.js" has already exported a member named 'QueryAnalysisPipelineError'. Consider explicitly re-exporting to resolve the ambiguity.
src/ea/pipelines/react/contract.ts(90,41): error TS2693: 'AnyPipelineError' only refers to a type, but is being used as a value here.
src/ea/pipelines/react/contract.ts(130,37): error TS2339: Property 'GenericTag' does not exist on type 'typeof import("/Users/paul/Projects/EffectiveAgent/node_modules/effect/dist/dts/Effect")'.
src/ea/pipelines/react/index.ts(7,1): error TS2308: Module "./contract.js" has already exported a member named 'ReActPipelineError'. Consider explicitly re-exporting to resolve the ambiguity.
src/ea/pipelines/react/service.ts(16,27): error TS2307: Cannot find module './types.js' or its corresponding type declarations.
src/ea/pipelines/react/service.ts(59,9): error TS2769: No overload matches this call.
  The last overload gave the following error.
    Type 'Effect<{ solveWithReAct: (input: ReActPipelineInput) => Effect<ReActPipelineOutput, ReActPipelineError, never>; continueReActProcess: (previousOutput: ReActPipelineOutput, additionalSteps: number) => Effect<...>; }, never, ToolRegistryApi>' is not assignable to type 'never'.
      Property '[LayerTypeId]' is missing in type 'typeof ToolRegistry' but required in type 'Any'.
src/ea/pipelines/react/service.ts(506,24): error TS2769: No overload matches this call.
  The last overload gave the following error.
    Type 'Effect<{ solveWithReAct: (input: ReActPipelineInput) => Effect<ReActPipelineOutput, ReActPipelineError, never>; continueReActProcess: (previousOutput: ReActPipelineOutput, additionalSteps: number) => Effect<...>; }, never, ToolRegistryApi>' is not assignable to type 'never'.
      Property '[LayerTypeId]' is missing in type 'typeof ToolRegistry' but required in type 'Any'.
src/ea/pipelines/scientist-chat/contract.ts(54,49): error TS2693: 'AnyPipelineError' only refers to a type, but is being used as a value here.
src/ea/pipelines/scientist-chat/contract.ts(94,45): error TS2339: Property 'GenericTag' does not exist on type 'typeof import("/Users/paul/Projects/EffectiveAgent/node_modules/effect/dist/dts/Effect")'.
src/ea/pipelines/scientist-chat/index.ts(7,1): error TS2308: Module "./contract.js" has already exported a member named 'ScientistChatPipelineError'. Consider explicitly re-exporting to resolve the ambiguity.
src/ea/pipelines/structured-output/__tests__/e2e.test.ts(3,36): error TS2724: '"../contract.js"' has no exported member named 'StructuredOutputPipelineInput'. Did you mean 'StructuredOutputPipeline'?
src/ea/pipelines/structured-output/__tests__/e2e.test.ts(29,39): error TS2347: Untyped function calls may not accept type arguments.
src/ea/pipelines/structured-output/__tests__/e2e.test.ts(33,17): error TS2345: Argument of type 'Effect<any, unknown, unknown>' is not assignable to parameter of type 'Effect<any, unknown, never>'.
  Type 'unknown' is not assignable to type 'never'.
src/ea/pipelines/structured-output/__tests__/e2e.test.ts(33,45): error TS2769: No overload matches this call.
  The last overload gave the following error.
    Argument of type 'typeof StructuredOutputPipelineService' is not assignable to parameter of type 'ManagedRuntime<unknown, unknown>'.
      Type 'typeof StructuredOutputPipelineService' is missing the following properties from type 'ManagedRuntime<unknown, unknown>': memoMap, runtimeEffect, runtime, runFork, and 8 more.
src/ea/pipelines/structured-output/__tests__/e2e.test.ts(50,31): error TS2347: Untyped function calls may not accept type arguments.
src/ea/pipelines/structured-output/__tests__/e2e.test.ts(54,17): error TS2345: Argument of type 'Effect<any, unknown, unknown>' is not assignable to parameter of type 'Effect<any, unknown, never>'.
src/ea/pipelines/structured-output/__tests__/e2e.test.ts(54,45): error TS2769: No overload matches this call.
  The last overload gave the following error.
    Argument of type 'typeof StructuredOutputPipelineService' is not assignable to parameter of type 'ManagedRuntime<unknown, unknown>'.
src/ea/pipelines/structured-output/__tests__/integration.test.ts(5,5): error TS2724: '"../contract.js"' has no exported member named 'StructuredOutputPipelineInput'. Did you mean 'StructuredOutputPipeline'?
src/ea/pipelines/structured-output/__tests__/integration.test.ts(26,39): error TS2347: Untyped function calls may not accept type arguments.
src/ea/pipelines/structured-output/__tests__/integration.test.ts(30,17): error TS2345: Argument of type 'Effect<any, unknown, unknown>' is not assignable to parameter of type 'Effect<any, unknown, never>'.
src/ea/pipelines/structured-output/__tests__/integration.test.ts(30,45): error TS2769: No overload matches this call.
  The last overload gave the following error.
    Argument of type 'typeof StructuredOutputPipelineService' is not assignable to parameter of type 'ManagedRuntime<unknown, unknown>'.
src/ea/pipelines/structured-output/contract.ts(61,52): error TS2693: 'AnyPipelineError' only refers to a type, but is being used as a value here.
src/ea/pipelines/structured-output/contract.ts(80,9): error TS2344: Type 'StructuredOutputPipelineError' does not satisfy the constraint 'AnyPipelineError'.
src/ea/pipelines/structured-output/contract.ts(112,48): error TS2339: Property 'GenericTag' does not exist on type 'typeof import("/Users/paul/Projects/EffectiveAgent/node_modules/effect/dist/dts/Effect")'.
src/ea/pipelines/structured-output/index.ts(7,1): error TS2308: Module "./contract.js" has already exported a member named 'StructuredOutputPipelineError'. Consider explicitly re-exporting to resolve the ambiguity.
src/ea/pipelines/structured-output/service.ts(10,10): error TS2724: '"./contract.js"' has no exported member named 'StructuredOutputPipelineInput'. Did you mean 'StructuredOutputPipeline'?
src/ea/pipelines/structured-output/service.ts(261,9): error TS2769: No overload matches this call.
  The last overload gave the following error.
    Type 'Effect<{ generateStructuredOutput: <T, S = unknown>(input: StructuredOutputPipelineInput<S>, maxRetries?: number) => Effect<T, StructuredOutputPipelineError, never>; extractStructured: <T, S = unknown>(text: string, schema: S) => Effect<...>; }, never, SchemaValidatorToolApi>' is not assignable to type 'never'.
      Property '[LayerTypeId]' is missing in type 'typeof SchemaValidatorTool' but required in type 'Any'.
src/ea/pipelines/structured-output/service.ts(262,24): error TS2769: No overload matches this call.
  The last overload gave the following error.
    Type 'Effect<{ generateStructuredOutput: <T, S = unknown>(input: StructuredOutputPipelineInput<S>, maxRetries?: number) => Effect<T, StructuredOutputPipelineError, never>; extractStructured: <T, S = unknown>(text: string, schema: S) => Effect<...>; }, never, SchemaValidatorToolApi>' is not assignable to type 'never'.
      Property '[LayerTypeId]' is missing in type 'typeof SchemaValidatorTool' but required in type 'Any'.
src/ea/pipelines/vector-search/index.ts(6,10): error TS1205: Re-exporting a type when 'isolatedModules' is enabled requires using 'export type'.
src/ea/pipelines/vector-search/service.ts(17,48): error TS2307: Cannot find module './types.js' or its corresponding type declarations.
src/ea/pipelines/venture-capitalist-chat/index.ts(7,1): error TS2308: Module "./contract.js" has already exported a member named 'VentureCapitalistChatPipelineError'. Consider explicitly re-exporting to resolve the ambiguity.
src/ea/pipelines/venture-capitalist-chat/service.ts(290,9): error TS2769: No overload matches this call.
  The last overload gave the following error.
    Type 'Effect<{ chat: (input: VentureCapitalistChatPipelineInput) => Effect<VentureCapitalistChatResponse, VentureCapitalistChatPipelineError, never>; evaluatePitch: (pitchText: string, options?: Partial<...> | undefined) => Effect<...>; }, never, MarketResearchToolApi | FinancialModelingToolApi>' is not assignable to type 'never'.
      Property '[LayerTypeId]' is missing in type 'typeof MarketResearchTool' but required in type 'Any'.
        Property '[LayerTypeId]' is missing in type 'typeof FinancialModelingTool' but required in type 'Any'.
src/ea/pipelines/venture-capitalist-chat/service.ts(508,24): error TS2769: No overload matches this call.
  The last overload gave the following error.
    Type 'Effect<{ chat: (input: VentureCapitalistChatPipelineInput) => Effect<VentureCapitalistChatResponse, VentureCapitalistChatPipelineError, never>; evaluatePitch: (pitchText: string, options?: Partial<...> | undefined) => Effect<...>; }, never, MarketResearchToolApi | FinancialModelingToolApi>' is not assignable to type 'never'.
      Property '[LayerTypeId]' is missing in type 'typeof MarketResearchTool' but required in type 'Any'.
        Property '[LayerTypeId]' is missing in type 'typeof FinancialModelingTool' but required in type 'Any'.
src/ea/pipelines/venture-capitalist-chat/service.ts(508,44): error TS2769: No overload matches this call.
  The last overload gave the following error.
    Type 'Effect<{ chat: (input: VentureCapitalistChatPipelineInput) => Effect<VentureCapitalistChatResponse, VentureCapitalistChatPipelineError, never>; evaluatePitch: (pitchText: string, options?: Partial<...> | undefined) => Effect<...>; }, never, MarketResearchToolApi | FinancialModelingToolApi>' is not assignable to type 'never'.
      Property '[LayerTypeId]' is missing in type 'typeof MarketResearchTool' but required in type 'Any'.
        Property '[LayerTypeId]' is missing in type 'typeof FinancialModelingTool' but required in type 'Any'.
src/services/ai/errors.test.ts(18,39): error TS2345: Argument of type 'string' is not assignable to parameter of type '{ message: string; code?: string | undefined; module?: string | undefined; method?: string | undefined; cause?: unknown; }'.
src/services/ai/errors.test.ts(27,53): error TS2554: Expected 1 arguments, but got 2.
src/services/ai/index.ts(7,15): error TS2307: Cannot find module './producers/index.js' or its corresponding type declarations.
src/services/ai/index.ts(13,1): error TS2308: Module "./model/index.js" has already exported a member named 'ModelMetadata'. Consider explicitly re-exporting to resolve the ambiguity.
src/services/ai/index.ts(13,1): error TS2308: Module "./model/index.js" has already exported a member named 'Provider'. Consider explicitly re-exporting to resolve the ambiguity.
src/services/ai/index.ts(16,1): error TS2308: Module "./model/index.js" has already exported a member named 'MissingModelIdError'. Consider explicitly re-exporting to resolve the ambiguity.
src/services/ai/index.ts(16,1): error TS2308: Module "./model/index.js" has already exported a member named 'ModelError'. Consider explicitly re-exporting to resolve the ambiguity.
src/services/ai/index.ts(16,1): error TS2308: Module "./provider/index.js" has already exported a member named 'ProviderConfigError'. Consider explicitly re-exporting to resolve the ambiguity.
src/services/ai/input/helpers.ts(29,48): error TS2339: Property 'getMessages' does not exist on type 'EffectiveInput'.
src/services/ai/input/helpers.ts(48,48): error TS2339: Property 'getMessages' does not exist on type 'EffectiveInput'.
src/services/ai/input/helpers.ts(71,48): error TS2339: Property 'getMessages' does not exist on type 'EffectiveInput'.
src/services/ai/input/helpers.ts(87,9): error TS2322: Type 'Effect<ArrayBufferLike, never, never>' is not assignable to type 'Effect<ArrayBuffer, NoAudioFileError, never>'.
  Type 'ArrayBufferLike' is not assignable to type 'ArrayBuffer'.
    Property 'resize' is missing in type 'SharedArrayBuffer' but required in type 'ArrayBuffer'.
src/services/ai/model/errors.ts(7,15): error TS2305: Module '"@/services/core/errors.js"' has no exported member 'EntityLoadError'.
src/services/ai/model/index.ts(5,1): error TS2308: Module "./schema.js" has already exported a member named 'ModelMetadata'. Consider explicitly re-exporting to resolve the ambiguity.
src/services/ai/provider.bak/__mocks__/provider-service.mock.ts(26,7): error TS2739: Type '{ setVercelProvider: () => Effect<undefined, never, never>; getProvider: () => Effect<any, never, never>; generateText: () => Effect<any, never, never>; generateEmbeddings: () => Effect<...>; ... 4 more ...; transcribe: () => Effect<...>; }' is missing the following properties from type 'ProviderClientApi': chat, generateImage
src/services/ai/provider.bak/clients/__tests__/provider-client.test.ts(63,13): error TS2322: Type '(input: import("/Users/paul/Projects/EffectiveAgent/src/types", { with: { "resolution-mode": "import" } }).EffectiveInput, options: import("/Users/paul/Projects/EffectiveAgent/src/services/ai/provider.bak/types", { with: { "resolution-mode": "import" } }).ProviderGenerateTextOptions) => import("/Users/paul/Projects/...' is not assignable to type '(input: import("/Users/paul/Projects/EffectiveAgent/src/services/pipeline/types/base", { with: { "resolution-mode": "import" } }).EffectiveInput, options: import("/Users/paul/Projects/EffectiveAgent/src/services/ai/provider.bak/types", { with: { "resolution-mode": "import" } }).ProviderGenerateTextOptions) => import...'.
  Types of parameters 'input' and 'input' are incompatible.
    Type 'import("/Users/paul/Projects/EffectiveAgent/src/services/pipeline/types/base", { with: { "resolution-mode": "import" } }).EffectiveInput' is not assignable to type 'import("/Users/paul/Projects/EffectiveAgent/src/types", { with: { "resolution-mode": "import" } }).EffectiveInput'.
      Types of property 'metadata' are incompatible.
        Type '{ operationName?: string | undefined; parameters?: { temperature?: number | undefined; maxTokens?: number | undefined; topP?: number | undefined; frequencyPenalty?: number | undefined; presencePenalty?: number | undefined; stop?: string[] | undefined; } | undefined; providerMetadata?: ProviderMetadata | undefined; }...' is not assignable to type 'Metadata | undefined'.
          Type '{ operationName?: string | undefined; parameters?: { temperature?: number | undefined; maxTokens?: number | undefined; topP?: number | undefined; frequencyPenalty?: number | undefined; presencePenalty?: number | undefined; stop?: string[] | undefined; } | undefined; providerMetadata?: ProviderMetadata | undefined; }' is not assignable to type 'Metadata'.
            Property 'providerMetadata' is incompatible with index signature.
              Type 'ProviderMetadata' is not assignable to type 'JsonValue'.
                Type 'ProviderMetadata' is not assignable to type 'JsonObject'.
                  Index signature for type 'string' is missing in type 'ProviderMetadata'.
src/services/ai/provider.bak/clients/__tests__/provider-client.test.ts(66,13): error TS2322: Type '<T = unknown>(input: EffectiveInput, options: ProviderGenerateObjectOptions<T>) => Effect.Effect<EffectiveResponse<GenerateObjectResult<T>>, ProviderOperationError | ProviderConfigError>' is not assignable to type '<T = unknown>(input: EffectiveInput, options: ProviderGenerateObjectOptions<T>) => Effect<EffectiveResponse<GenerateObjectResult<T>>, ProviderConfigError | ProviderOperationError, never>'.
  Types of parameters 'input' and 'input' are incompatible.
    Type 'import("/Users/paul/Projects/EffectiveAgent/src/services/pipeline/types/base", { with: { "resolution-mode": "import" } }).EffectiveInput' is not assignable to type 'import("/Users/paul/Projects/EffectiveAgent/src/types", { with: { "resolution-mode": "import" } }).EffectiveInput'.
src/services/ai/provider.bak/clients/anthropic-provider-client.ts(59,3): error TS2345: Argument of type 'Effect<{ setVercelProvider: (vercelProvider: EffectiveProviderApi) => Effect<void, ProviderConfigError, never>; getProvider: () => Effect<...>; ... 6 more ...; getModels: () => Effect<...>; }, never, ProviderClientApi>' is not assignable to parameter of type 'Effect<ProviderClientApi, never, ProviderClientApi>'.
  Type '{ setVercelProvider: (vercelProvider: EffectiveProviderApi) => Effect<void, ProviderConfigError, never>; getProvider: () => Effect<...>; ... 6 more ...; getModels: () => Effect<...>; }' is missing the following properties from type 'ProviderClientApi': chat, generateImage
src/services/ai/provider.bak/clients/deepseek-provider-client.ts(59,3): error TS2345: Argument of type 'Effect<{ setVercelProvider: (vercelProvider: EffectiveProviderApi) => Effect<void, ProviderConfigError, never>; getProvider: () => Effect<...>; ... 6 more ...; getModels: () => Effect<...>; }, never, ProviderClientApi>' is not assignable to parameter of type 'Effect<ProviderClientApi, never, ProviderClientApi>'.
  Type '{ setVercelProvider: (vercelProvider: EffectiveProviderApi) => Effect<void, ProviderConfigError, never>; getProvider: () => Effect<...>; ... 6 more ...; getModels: () => Effect<...>; }' is missing the following properties from type 'ProviderClientApi': chat, generateImage
src/services/ai/provider.bak/clients/google-provider-client.ts(59,3): error TS2345: Argument of type 'Effect<{ setVercelProvider: (vercelProvider: EffectiveProviderApi) => Effect<void, ProviderConfigError, never>; getProvider: () => Effect<...>; ... 6 more ...; getModels: () => Effect<...>; }, never, ProviderClientApi>' is not assignable to parameter of type 'Effect<ProviderClientApi, never, ProviderClientApi>'.
  Type '{ setVercelProvider: (vercelProvider: EffectiveProviderApi) => Effect<void, ProviderConfigError, never>; getProvider: () => Effect<...>; ... 6 more ...; getModels: () => Effect<...>; }' is missing the following properties from type 'ProviderClientApi': chat, generateImage
src/services/ai/provider.bak/clients/groq-provider-client.ts(59,3): error TS2345: Argument of type 'Effect<{ setVercelProvider: (vercelProvider: EffectiveProviderApi) => Effect<void, ProviderConfigError, never>; getProvider: () => Effect<...>; ... 6 more ...; getModels: () => Effect<...>; }, never, ProviderClientApi>' is not assignable to parameter of type 'Effect<ProviderClientApi, never, ProviderClientApi>'.
  Type '{ setVercelProvider: (vercelProvider: EffectiveProviderApi) => Effect<void, ProviderConfigError, never>; getProvider: () => Effect<...>; ... 6 more ...; getModels: () => Effect<...>; }' is missing the following properties from type 'ProviderClientApi': chat, generateImage
src/services/ai/provider.bak/clients/openai-provider-client.ts(84,10): error TS2322: Type 'Effect<Set<"text-generation" | "chat" | "function-calling" | "vision" | "reasoning" | "code-generation" | "audio" | "image-generation" | "embeddings" | "tool-use" | "search" | "research">, ProviderConfigError | ProviderOperationError, never>' is not assignable to type 'Effect<Set<ModelCapability>, ProviderConfigError | ProviderOperationError, never>'.
  Type 'Set<"text-generation" | "chat" | "function-calling" | "vision" | "reasoning" | "code-generation" | "audio" | "image-generation" | "embeddings" | "tool-use" | "search" | "research">' is not assignable to type 'Set<ModelCapability>'.
    Type '"text-generation" | "chat" | "function-calling" | "vision" | "reasoning" | "code-generation" | "audio" | "image-generation" | "embeddings" | "tool-use" | "search" | "research"' is not assignable to type 'ModelCapability'.
      Type '"search"' is not assignable to type 'ModelCapability'.
src/services/ai/provider.bak/clients/openai-provider-client.ts(95,3): error TS2345: Argument of type 'Effect<{ setVercelProvider: (vercelProvider: EffectiveProviderApi) => Effect<void, ProviderConfigError, never>; getProvider: () => Effect<...>; ... 6 more ...; getModels: () => Effect<...>; }, never, ProviderClientApi>' is not assignable to parameter of type 'Effect<ProviderClientApi, never, ProviderClientApi>'.
  Type '{ setVercelProvider: (vercelProvider: EffectiveProviderApi) => Effect<void, ProviderConfigError, never>; getProvider: () => Effect<...>; ... 6 more ...; getModels: () => Effect<...>; }' is missing the following properties from type 'ProviderClientApi': chat, generateImage
src/services/ai/provider.bak/clients/openai-provider-client.ts(146,12): error TS2322: Type 'Effect<Set<"text-generation" | "chat" | "function-calling" | "vision" | "reasoning" | "code-generation" | "audio" | "image-generation" | "embeddings" | "tool-use" | "search" | "research">, ProviderConfigError | ProviderOperationError, never>' is not assignable to type 'Effect<Set<ModelCapability>, ProviderConfigError | ProviderOperationError, never>'.
src/services/ai/provider.bak/clients/perplexity-provider-client.ts(59,3): error TS2345: Argument of type 'Effect<{ setVercelProvider: (vercelProvider: EffectiveProviderApi) => Effect<void, ProviderConfigError, never>; getProvider: () => Effect<...>; ... 6 more ...; getModels: () => Effect<...>; }, never, ProviderClientApi>' is not assignable to parameter of type 'Effect<ProviderClientApi, never, ProviderClientApi>'.
  Type '{ setVercelProvider: (vercelProvider: EffectiveProviderApi) => Effect<void, ProviderConfigError, never>; getProvider: () => Effect<...>; ... 6 more ...; getModels: () => Effect<...>; }' is missing the following properties from type 'ProviderClientApi': chat, generateImage
src/services/ai/provider.bak/clients/xai-provider-client.ts(59,3): error TS2345: Argument of type 'Effect<{ setVercelProvider: (vercelProvider: EffectiveProviderApi) => Effect<void, ProviderConfigError, never>; getProvider: () => Effect<...>; ... 6 more ...; getModels: () => Effect<...>; }, never, ProviderClientApi>' is not assignable to parameter of type 'Effect<ProviderClientApi, never, ProviderClientApi>'.
  Type '{ setVercelProvider: (vercelProvider: EffectiveProviderApi) => Effect<void, ProviderConfigError, never>; getProvider: () => Effect<...>; ... 6 more ...; getModels: () => Effect<...>; }' is missing the following properties from type 'ProviderClientApi': chat, generateImage
src/services/ai/provider/__mocks__/provider-service.mock.ts(26,7): error TS2740: Type '{ setVercelProvider: () => Effect<undefined, never, never>; getProvider: () => Effect<any, never, never>; generateText: () => Effect<any, never, never>; generateEmbeddings: () => Effect<...>; ... 4 more ...; transcribe: () => Effect<...>; }' is missing the following properties from type 'ProviderClientApi': validateToolInput, executeTool, processToolResult, chat, and 2 more.
src/services/ai/provider/__tests__/services.test.ts(52,5): error TS2322: Type '(providerName: string) => Effect.Effect<never, ProviderNotFoundError, never> | Effect.Effect<{ name: string; chat: () => Effect.Effect<EffectiveResponse<GenerateTextResult>, ProviderConfigError | ProviderOperationError, never>; ... 9 more ...; getModels: () => Effect.Effect<...>; }, never, never>' is not assignable to type '(providerName: string) => Effect<ProviderClientApi, ProviderConfigError | ProviderNotFoundError | ProviderOperationError, never>'.
  Type 'Effect<never, ProviderNotFoundError, never> | Effect<{ name: string; chat: () => Effect<EffectiveResponse<GenerateTextResult>, ProviderConfigError | ProviderOperationError, never>; ... 9 more ...; getModels: () => Effect<...>; }, never, never>' is not assignable to type 'Effect<ProviderClientApi, ProviderConfigError | ProviderNotFoundError | ProviderOperationError, never>'.
    Type 'Effect<{ name: string; chat: () => Effect<EffectiveResponse<GenerateTextResult>, ProviderConfigError | ProviderOperationError, never>; ... 9 more ...; getModels: () => Effect<...>; }, never, never>' is not assignable to type 'Effect<ProviderClientApi, ProviderConfigError | ProviderNotFoundError | ProviderOperationError, never>'.
      Type '{ name: string; chat: () => Effect<EffectiveResponse<GenerateTextResult>, ProviderConfigError | ProviderOperationError, never>; ... 9 more ...; getModels: () => Effect<...>; }' is missing the following properties from type 'ProviderClientApi': validateToolInput, executeTool, processToolResult, getDefaultModelIdForProvider
src/services/ai/provider/client.ts(34,3): error TS2305: Module '"./types.js"' has no exported member 'ProvidersType'.
src/services/ai/provider/clients/anthropic-provider-client.ts(3,15): error TS2305: Module '"../../input/service.js"' has no exported member 'EffectiveInput'.
src/services/ai/provider/clients/anthropic-provider-client.ts(68,3): error TS2345: Argument of type 'Effect<{ setVercelProvider: (vercelProvider: EffectiveProviderApi) => Effect<void, ProviderConfigError, never>; getProvider: () => Effect<...>; ... 6 more ...; getModels: () => Effect<...>; }, never, ProviderClientApi>' is not assignable to parameter of type 'Effect<ProviderClientApi, never, ProviderClientApi>'.
  Type '{ setVercelProvider: (vercelProvider: EffectiveProviderApi) => Effect<void, ProviderConfigError, never>; getProvider: () => Effect<...>; ... 6 more ...; getModels: () => Effect<...>; }' is missing the following properties from type 'ProviderClientApi': validateToolInput, executeTool, processToolResult, chat, and 2 more.
src/services/ai/provider/clients/deepseek-provider-client.ts(3,15): error TS2305: Module '"../../input/service.js"' has no exported member 'EffectiveInput'.
src/services/ai/provider/clients/deepseek-provider-client.ts(68,3): error TS2345: Argument of type 'Effect<{ setVercelProvider: (vercelProvider: EffectiveProviderApi) => Effect<void, ProviderConfigError, never>; getProvider: () => Effect<...>; ... 6 more ...; getModels: () => Effect<...>; }, never, ProviderClientApi>' is not assignable to parameter of type 'Effect<ProviderClientApi, never, ProviderClientApi>'.
  Type '{ setVercelProvider: (vercelProvider: EffectiveProviderApi) => Effect<void, ProviderConfigError, never>; getProvider: () => Effect<...>; ... 6 more ...; getModels: () => Effect<...>; }' is missing the following properties from type 'ProviderClientApi': validateToolInput, executeTool, processToolResult, chat, and 2 more.
src/services/ai/provider/clients/google-provider-client.ts(3,15): error TS2305: Module '"../../input/service.js"' has no exported member 'EffectiveInput'.
src/services/ai/provider/clients/google-provider-client.ts(68,3): error TS2345: Argument of type 'Effect<{ setVercelProvider: (vercelProvider: EffectiveProviderApi) => Effect<void, ProviderConfigError, never>; getProvider: () => Effect<...>; ... 6 more ...; getModels: () => Effect<...>; }, never, ProviderClientApi>' is not assignable to parameter of type 'Effect<ProviderClientApi, never, ProviderClientApi>'.
  Type '{ setVercelProvider: (vercelProvider: EffectiveProviderApi) => Effect<void, ProviderConfigError, never>; getProvider: () => Effect<...>; ... 6 more ...; getModels: () => Effect<...>; }' is missing the following properties from type 'ProviderClientApi': validateToolInput, executeTool, processToolResult, chat, and 2 more.
src/services/ai/provider/clients/groq-provider-client.ts(3,15): error TS2305: Module '"../../input/service.js"' has no exported member 'EffectiveInput'.
src/services/ai/provider/clients/groq-provider-client.ts(68,3): error TS2345: Argument of type 'Effect<{ setVercelProvider: (vercelProvider: EffectiveProviderApi) => Effect<void, ProviderConfigError, never>; getProvider: () => Effect<...>; ... 6 more ...; getModels: () => Effect<...>; }, never, ProviderClientApi>' is not assignable to parameter of type 'Effect<ProviderClientApi, never, ProviderClientApi>'.
  Type '{ setVercelProvider: (vercelProvider: EffectiveProviderApi) => Effect<void, ProviderConfigError, never>; getProvider: () => Effect<...>; ... 6 more ...; getModels: () => Effect<...>; }' is missing the following properties from type 'ProviderClientApi': validateToolInput, executeTool, processToolResult, chat, and 2 more.
src/services/ai/provider/clients/openai-provider-client.ts(128,3): error TS2345: Argument of type 'Effect<{ setVercelProvider: (vercelProvider: EffectiveProviderApi) => Effect<void, ProviderConfigError, never>; getProvider: () => Effect<...>; ... 11 more ...; processToolResult: (toolName: string, result: unknown) => Effect<...>; }, never, ProviderClientApi>' is not assignable to parameter of type 'Effect<ProviderClientApi, never, ProviderClientApi>'.
  Property 'getDefaultModelIdForProvider' is missing in type '{ setVercelProvider: (vercelProvider: EffectiveProviderApi) => Effect.Effect<void, ProviderConfigError>; getProvider: () => Effect.Effect<EffectiveProviderApi, ProviderConfigError>; generateText: (input: EffectiveInput, options: ProviderGenerateTextOptions) => Effect.Effect<EffectiveResponse<GenerateTextResult>, Pro...' but required in type 'ProviderClientApi'.
src/services/ai/provider/clients/perplexity-provider-client.ts(3,15): error TS2305: Module '"../../input/service.js"' has no exported member 'EffectiveInput'.
src/services/ai/provider/clients/perplexity-provider-client.ts(68,3): error TS2345: Argument of type 'Effect<{ setVercelProvider: (vercelProvider: EffectiveProviderApi) => Effect<void, ProviderConfigError, never>; getProvider: () => Effect<...>; ... 6 more ...; getModels: () => Effect<...>; }, never, ProviderClientApi>' is not assignable to parameter of type 'Effect<ProviderClientApi, never, ProviderClientApi>'.
  Type '{ setVercelProvider: (vercelProvider: EffectiveProviderApi) => Effect<void, ProviderConfigError, never>; getProvider: () => Effect<...>; ... 6 more ...; getModels: () => Effect<...>; }' is missing the following properties from type 'ProviderClientApi': validateToolInput, executeTool, processToolResult, chat, and 2 more.
src/services/ai/provider/clients/xai-provider-client.ts(3,15): error TS2305: Module '"../../input/service.js"' has no exported member 'EffectiveInput'.
src/services/ai/provider/clients/xai-provider-client.ts(68,3): error TS2345: Argument of type 'Effect<{ setVercelProvider: (vercelProvider: EffectiveProviderApi) => Effect<void, ProviderConfigError, never>; getProvider: () => Effect<...>; ... 6 more ...; getModels: () => Effect<...>; }, never, ProviderClientApi>' is not assignable to parameter of type 'Effect<ProviderClientApi, never, ProviderClientApi>'.
  Type '{ setVercelProvider: (vercelProvider: EffectiveProviderApi) => Effect<void, ProviderConfigError, never>; getProvider: () => Effect<...>; ... 6 more ...; getModels: () => Effect<...>; }' is missing the following properties from type 'ProviderClientApi': validateToolInput, executeTool, processToolResult, chat, and 2 more.
src/services/ai/provider/helpers/extract-audio-for-transcription.ts(2,10): error TS2305: Module '"@/services/ai/input/service.js"' has no exported member 'EffectiveInput'.
src/services/ai/tools/__tests__/http-client.test.ts(156,36): error TS2349: This expression is not callable.
  Type 'Effect<unknown, ResponseError, never>' has no call signatures.
src/services/ai/tools/__tests__/test.mocks.ts(70,54): error TS2345: Argument of type '{ tools: HashMap.HashMap<"adder" | "badOutput" | "http/getTodo", EffectiveTool>; }' is not assignable to parameter of type '{ readonly tools: HashMap<string, EffectiveTool>; readonly toolkits: HashMap<string, EffectiveToolkit>; }'.
  Property 'toolkits' is missing in type '{ tools: HashMap.HashMap<"adder" | "badOutput" | "http/getTodo", EffectiveTool>; }' but required in type '{ readonly tools: HashMap<string, EffectiveTool>; readonly toolkits: HashMap<string, EffectiveToolkit>; }'.
src/services/ai/tools/implementations/__tests__/datetime.test.ts(54,27): error TS2339: Property 'isLeft' does not exist on type 'typeof import("/Users/paul/Projects/EffectiveAgent/node_modules/effect/dist/dts/Effect")'.
src/services/ai/tools/implementations/__tests__/datetime.test.ts(162,27): error TS2339: Property 'isLeft' does not exist on type 'typeof import("/Users/paul/Projects/EffectiveAgent/node_modules/effect/dist/dts/Effect")'.
src/services/ai/tools/implementations/__tests__/datetime.test.ts(171,27): error TS2339: Property 'isLeft' does not exist on type 'typeof import("/Users/paul/Projects/EffectiveAgent/node_modules/effect/dist/dts/Effect")'.
src/services/ai/tools/implementations/__tests__/datetime.test.ts(179,27): error TS2339: Property 'isLeft' does not exist on type 'typeof import("/Users/paul/Projects/EffectiveAgent/node_modules/effect/dist/dts/Effect")'.
src/services/ai/tools/implementations/calculator.ts(54,27): error TS2345: Argument of type '{ toolName: string; input: { readonly expression: string; }; cause: Error; }' is not assignable to parameter of type '{ toolName: string; input?: unknown; module: string; method: string; cause?: unknown; }'.
  Type '{ toolName: string; input: { readonly expression: string; }; cause: Error; }' is missing the following properties from type '{ toolName: string; input?: unknown; module: string; method: string; cause?: unknown; }': module, method
src/services/ai/tools/implementations/gmail/read.ts(79,46): error TS2345: Argument of type '{ toolName: string; input: { readonly limit: number; }; cause: unknown; }' is not assignable to parameter of type '{ toolName: string; input?: unknown; module: string; method: string; cause?: unknown; }'.
  Type '{ toolName: string; input: { readonly limit: number; }; cause: unknown; }' is missing the following properties from type '{ toolName: string; input?: unknown; module: string; method: string; cause?: unknown; }': module, method
src/services/ai/tools/implementations/gmail/read.ts(103,47): error TS2345: Argument of type '{ toolName: string; input: { messageId: string; }; cause: unknown; }' is not assignable to parameter of type '{ toolName: string; input?: unknown; module: string; method: string; cause?: unknown; }'.
  Type '{ toolName: string; input: { messageId: string; }; cause: unknown; }' is missing the following properties from type '{ toolName: string; input?: unknown; module: string; method: string; cause?: unknown; }': module, method
src/services/ai/tools/implementations/gmail/read.ts(118,53): error TS2345: Argument of type '{ toolName: string; input: { readonly limit: number; }; cause: unknown; }' is not assignable to parameter of type '{ toolName: string; input?: unknown; module: string; method: string; cause?: unknown; }'.
  Type '{ toolName: string; input: { readonly limit: number; }; cause: unknown; }' is missing the following properties from type '{ toolName: string; input?: unknown; module: string; method: string; cause?: unknown; }': module, method
src/services/ai/tools/implementations/gmail/reply.ts(99,46): error TS2345: Argument of type '{ toolName: string; input: { readonly to?: readonly string[] | undefined; readonly body: string; readonly subject?: string | undefined; readonly threadId: string; readonly messageId: string; readonly cc?: readonly string[] | undefined; readonly bcc?: readonly string[] | undefined; }; cause: string; }' is not assignable to parameter of type '{ toolName: string; input?: unknown; module: string; method: string; cause?: unknown; }'.
  Type '{ toolName: string; input: { readonly to?: readonly string[] | undefined; readonly body: string; readonly subject?: string | undefined; readonly threadId: string; readonly messageId: string; readonly cc?: readonly string[] | undefined; readonly bcc?: readonly string[] | undefined; }; cause: string; }' is missing the following properties from type '{ toolName: string; input?: unknown; module: string; method: string; cause?: unknown; }': module, method
src/services/ai/tools/implementations/gmail/reply.ts(121,46): error TS2345: Argument of type '{ toolName: string; input: { readonly to?: readonly string[] | undefined; readonly body: string; readonly subject?: string | undefined; readonly threadId: string; readonly messageId: string; readonly cc?: readonly string[] | undefined; readonly bcc?: readonly string[] | undefined; }; cause: unknown; }' is not assignable to parameter of type '{ toolName: string; input?: unknown; module: string; method: string; cause?: unknown; }'.
  Type '{ toolName: string; input: { readonly to?: readonly string[] | undefined; readonly body: string; readonly subject?: string | undefined; readonly threadId: string; readonly messageId: string; readonly cc?: readonly string[] | undefined; readonly bcc?: readonly string[] | undefined; }; cause: unknown; }' is missing the following properties from type '{ toolName: string; input?: unknown; module: string; method: string; cause?: unknown; }': module, method
src/services/ai/tools/implementations/gmail/reply.ts(134,54): error TS2345: Argument of type '{ toolName: string; input: { readonly to?: readonly string[] | undefined; readonly body: string; readonly subject?: string | undefined; readonly threadId: string; readonly messageId: string; readonly cc?: readonly string[] | undefined; readonly bcc?: readonly string[] | undefined; }; cause: string; }' is not assignable to parameter of type '{ toolName: string; input?: unknown; module: string; method: string; cause?: unknown; }'.
  Type '{ toolName: string; input: { readonly to?: readonly string[] | undefined; readonly body: string; readonly subject?: string | undefined; readonly threadId: string; readonly messageId: string; readonly cc?: readonly string[] | undefined; readonly bcc?: readonly string[] | undefined; }; cause: string; }' is missing the following properties from type '{ toolName: string; input?: unknown; module: string; method: string; cause?: unknown; }': module, method
src/services/ai/tools/implementations/gmail/reply.ts(141,53): error TS2345: Argument of type '{ toolName: string; input: { readonly to?: readonly string[] | undefined; readonly body: string; readonly subject?: string | undefined; readonly threadId: string; readonly messageId: string; readonly cc?: readonly string[] | undefined; readonly bcc?: readonly string[] | undefined; }; cause: unknown; }' is not assignable to parameter of type '{ toolName: string; input?: unknown; module: string; method: string; cause?: unknown; }'.
  Type '{ toolName: string; input: { readonly to?: readonly string[] | undefined; readonly body: string; readonly subject?: string | undefined; readonly threadId: string; readonly messageId: string; readonly cc?: readonly string[] | undefined; readonly bcc?: readonly string[] | undefined; }; cause: unknown; }' is missing the following properties from type '{ toolName: string; input?: unknown; module: string; method: string; cause?: unknown; }': module, method
src/services/ai/tools/implementations/gmail/send.ts(82,46): error TS2345: Argument of type '{ toolName: string; input: { readonly to: readonly string[]; readonly body: string; readonly subject: string; readonly cc?: readonly string[] | undefined; readonly bcc?: readonly string[] | undefined; }; cause: unknown; }' is not assignable to parameter of type '{ toolName: string; input?: unknown; module: string; method: string; cause?: unknown; }'.
  Type '{ toolName: string; input: { readonly to: readonly string[]; readonly body: string; readonly subject: string; readonly cc?: readonly string[] | undefined; readonly bcc?: readonly string[] | undefined; }; cause: unknown; }' is missing the following properties from type '{ toolName: string; input?: unknown; module: string; method: string; cause?: unknown; }': module, method
src/services/ai/tools/implementations/gmail/send.ts(96,54): error TS2345: Argument of type '{ toolName: string; input: { readonly to: readonly string[]; readonly body: string; readonly subject: string; readonly cc?: readonly string[] | undefined; readonly bcc?: readonly string[] | undefined; }; cause: string; }' is not assignable to parameter of type '{ toolName: string; input?: unknown; module: string; method: string; cause?: unknown; }'.
  Type '{ toolName: string; input: { readonly to: readonly string[]; readonly body: string; readonly subject: string; readonly cc?: readonly string[] | undefined; readonly bcc?: readonly string[] | undefined; }; cause: string; }' is missing the following properties from type '{ toolName: string; input?: unknown; module: string; method: string; cause?: unknown; }': module, method
src/services/ai/tools/implementations/gmail/send.ts(103,53): error TS2345: Argument of type '{ toolName: string; input: { readonly to: readonly string[]; readonly body: string; readonly subject: string; readonly cc?: readonly string[] | undefined; readonly bcc?: readonly string[] | undefined; }; cause: unknown; }' is not assignable to parameter of type '{ toolName: string; input?: unknown; module: string; method: string; cause?: unknown; }'.
  Type '{ toolName: string; input: { readonly to: readonly string[]; readonly body: string; readonly subject: string; readonly cc?: readonly string[] | undefined; readonly bcc?: readonly string[] | undefined; }; cause: unknown; }' is missing the following properties from type '{ toolName: string; input?: unknown; module: string; method: string; cause?: unknown; }': module, method
src/services/ai/tools/implementations/googledocs/getContent.ts(72,27): error TS2345: Argument of type '{ toolName: string; input: { readonly documentId: string; }; cause: Error; }' is not assignable to parameter of type '{ toolName: string; input?: unknown; module: string; method: string; cause?: unknown; }'.
  Type '{ toolName: string; input: { readonly documentId: string; }; cause: Error; }' is missing the following properties from type '{ toolName: string; input?: unknown; module: string; method: string; cause?: unknown; }': module, method
src/services/ai/tools/implementations/hackernews.ts(81,28): error TS2345: Argument of type '{ toolName: string; input: { itemId: number; }; cause: PlatformError | HttpClientError; }' is not assignable to parameter of type '{ toolName: string; input?: unknown; module: string; method: string; cause?: unknown; }'.
  Type '{ toolName: string; input: { itemId: number; }; cause: PlatformError | HttpClientError; }' is missing the following properties from type '{ toolName: string; input?: unknown; module: string; method: string; cause?: unknown; }': module, method
src/services/ai/tools/implementations/hackernews.ts(88,28): error TS2345: Argument of type '{ toolName: string; input: { itemId: number; }; cause: HttpBody.HttpBodyError; }' is not assignable to parameter of type '{ toolName: string; input?: unknown; module: string; method: string; cause?: unknown; }'.
  Type '{ toolName: string; input: { itemId: number; }; cause: HttpBodyError; }' is missing the following properties from type '{ toolName: string; input?: unknown; module: string; method: string; cause?: unknown; }': module, method
src/services/ai/tools/implementations/hackernews.ts(95,28): error TS2345: Argument of type '{ toolName: string; input: { itemId: number; }; cause: ParseError; }' is not assignable to parameter of type '{ toolName: string; input?: unknown; module: string; method: string; cause?: unknown; }'.
  Type '{ toolName: string; input: { itemId: number; }; cause: ParseError; }' is missing the following properties from type '{ toolName: string; input?: unknown; module: string; method: string; cause?: unknown; }': module, method
src/services/ai/tools/implementations/hackernews.ts(120,29): error TS2345: Argument of type '{ toolName: string; input: { readonly limit: number; readonly storyType: "top" | "new" | "best"; }; cause: PlatformError | HttpClientError; }' is not assignable to parameter of type '{ toolName: string; input?: unknown; module: string; method: string; cause?: unknown; }'.
  Type '{ toolName: string; input: { readonly limit: number; readonly storyType: "top" | "new" | "best"; }; cause: PlatformError | HttpClientError; }' is missing the following properties from type '{ toolName: string; input?: unknown; module: string; method: string; cause?: unknown; }': module, method
src/services/ai/tools/implementations/hackernews.ts(125,29): error TS2345: Argument of type '{ toolName: string; input: { readonly limit: number; readonly storyType: "top" | "new" | "best"; }; cause: HttpBody.HttpBodyError; }' is not assignable to parameter of type '{ toolName: string; input?: unknown; module: string; method: string; cause?: unknown; }'.
  Type '{ toolName: string; input: { readonly limit: number; readonly storyType: "top" | "new" | "best"; }; cause: HttpBodyError; }' is missing the following properties from type '{ toolName: string; input?: unknown; module: string; method: string; cause?: unknown; }': module, method
src/services/ai/tools/implementations/hackernews.ts(130,29): error TS2345: Argument of type '{ toolName: string; input: { readonly limit: number; readonly storyType: "top" | "new" | "best"; }; cause: ParseError; }' is not assignable to parameter of type '{ toolName: string; input?: unknown; module: string; method: string; cause?: unknown; }'.
  Type '{ toolName: string; input: { readonly limit: number; readonly storyType: "top" | "new" | "best"; }; cause: ParseError; }' is missing the following properties from type '{ toolName: string; input?: unknown; module: string; method: string; cause?: unknown; }': module, method
src/services/ai/tools/implementations/news.ts(37,49): error TS2554: Expected 1 arguments, but got 2.
src/services/ai/tools/implementations/news.ts(38,37): error TS2554: Expected 1 arguments, but got 2.
src/services/ai/tools/implementations/news.ts(39,40): error TS2554: Expected 1 arguments, but got 2.
src/services/ai/tools/implementations/news.ts(44,39): error TS2554: Expected 1 arguments, but got 2.
src/services/ai/tools/implementations/news.ts(45,37): error TS2554: Expected 1 arguments, but got 2.
src/services/ai/tools/implementations/news.ts(51,39): error TS2554: Expected 1 arguments, but got 2.
src/services/ai/tools/implementations/news.ts(52,37): error TS2554: Expected 1 arguments, but got 2.
src/services/ai/tools/implementations/news.ts(142,60): error TS2345: Argument of type '{ q: string; sortBy: "relevancy" | "popularity" | "publishedAt" | undefined; pageSize: string; language: string | undefined; }' is not assignable to parameter of type 'Record<string, string>'.
  Property 'sortBy' is incompatible with index signature.
    Type 'string | undefined' is not assignable to type 'string'.
      Type 'undefined' is not assignable to type 'string'.
src/services/ai/tools/implementations/news.ts(163,63): error TS2345: Argument of type '{ country: string | undefined; pageSize: string; }' is not assignable to parameter of type 'Record<string, string>'.
  Property 'country' is incompatible with index signature.
    Type 'string | undefined' is not assignable to type 'string'.
      Type 'undefined' is not assignable to type 'string'.
src/services/ai/tools/implementations/news.ts(184,63): error TS2345: Argument of type '{ category: "technology" | "business" | "science" | "health" | "entertainment" | "sports" | "politics"; country: string | undefined; pageSize: string; }' is not assignable to parameter of type 'Record<string, string>'.
  Property 'country' is incompatible with index signature.
    Type 'string | undefined' is not assignable to type 'string'.
      Type 'undefined' is not assignable to type 'string'.
src/services/ai/tools/implementations/weather.ts(21,37): error TS2551: Property 'struct' does not exist on type 'typeof import("/Users/paul/Projects/EffectiveAgent/node_modules/effect/dist/dts/Schema")'. Did you mean 'Struct'?
src/services/ai/tools/implementations/weather.ts(22,18): error TS2551: Property 'enums' does not exist on type 'typeof import("/Users/paul/Projects/EffectiveAgent/node_modules/effect/dist/dts/Schema")'. Did you mean 'Enums'?
src/services/ai/tools/implementations/weather.ts(23,17): error TS2551: Property 'string' does not exist on type 'typeof import("/Users/paul/Projects/EffectiveAgent/node_modules/effect/dist/dts/Schema")'. Did you mean 'String'?
src/services/ai/tools/implementations/weather.ts(24,25): error TS2551: Property 'enums' does not exist on type 'typeof import("/Users/paul/Projects/EffectiveAgent/node_modules/effect/dist/dts/Schema")'. Did you mean 'Enums'?
src/services/ai/tools/implementations/weather.ts(24,44): error TS2554: Expected 1 arguments, but got 2.
src/services/ai/tools/implementations/weather.ts(25,24): error TS2551: Property 'number' does not exist on type 'typeof import("/Users/paul/Projects/EffectiveAgent/node_modules/effect/dist/dts/Schema")'. Did you mean 'Number'?
src/services/ai/tools/implementations/weather.ts(25,32): error TS2554: Expected 1 arguments, but got 2.
src/services/ai/tools/implementations/weather.ts(28,37): error TS2694: Namespace '"/Users/paul/Projects/EffectiveAgent/node_modules/effect/dist/dts/Schema".Schema' has no exported member 'To'.
src/services/ai/tools/implementations/weather.ts(32,41): error TS2551: Property 'struct' does not exist on type 'typeof import("/Users/paul/Projects/EffectiveAgent/node_modules/effect/dist/dts/Schema")'. Did you mean 'Struct'?
src/services/ai/tools/implementations/weather.ts(33,20): error TS2551: Property 'number' does not exist on type 'typeof import("/Users/paul/Projects/EffectiveAgent/node_modules/effect/dist/dts/Schema")'. Did you mean 'Number'?
src/services/ai/tools/implementations/weather.ts(34,18): error TS2551: Property 'number' does not exist on type 'typeof import("/Users/paul/Projects/EffectiveAgent/node_modules/effect/dist/dts/Schema")'. Did you mean 'Number'?
src/services/ai/tools/implementations/weather.ts(35,17): error TS2551: Property 'number' does not exist on type 'typeof import("/Users/paul/Projects/EffectiveAgent/node_modules/effect/dist/dts/Schema")'. Did you mean 'Number'?
src/services/ai/tools/implementations/weather.ts(36,18): error TS2551: Property 'number' does not exist on type 'typeof import("/Users/paul/Projects/EffectiveAgent/node_modules/effect/dist/dts/Schema")'. Did you mean 'Number'?
src/services/ai/tools/implementations/weather.ts(37,20): error TS2551: Property 'string' does not exist on type 'typeof import("/Users/paul/Projects/EffectiveAgent/node_modules/effect/dist/dts/Schema")'. Did you mean 'String'?
src/services/ai/tools/implementations/weather.ts(40,37): error TS2551: Property 'struct' does not exist on type 'typeof import("/Users/paul/Projects/EffectiveAgent/node_modules/effect/dist/dts/Schema")'. Did you mean 'Struct'?
src/services/ai/tools/implementations/weather.ts(41,13): error TS2551: Property 'string' does not exist on type 'typeof import("/Users/paul/Projects/EffectiveAgent/node_modules/effect/dist/dts/Schema")'. Did you mean 'String'?
src/services/ai/tools/implementations/weather.ts(42,17): error TS2551: Property 'string' does not exist on type 'typeof import("/Users/paul/Projects/EffectiveAgent/node_modules/effect/dist/dts/Schema")'. Did you mean 'String'?
src/services/ai/tools/implementations/weather.ts(43,20): error TS2551: Property 'string' does not exist on type 'typeof import("/Users/paul/Projects/EffectiveAgent/node_modules/effect/dist/dts/Schema")'. Did you mean 'String'?
src/services/ai/tools/implementations/weather.ts(44,14): error TS2551: Property 'string' does not exist on type 'typeof import("/Users/paul/Projects/EffectiveAgent/node_modules/effect/dist/dts/Schema")'. Did you mean 'String'?
src/services/ai/tools/implementations/weather.ts(45,12): error TS2551: Property 'string' does not exist on type 'typeof import("/Users/paul/Projects/EffectiveAgent/node_modules/effect/dist/dts/Schema")'. Did you mean 'String'?
src/services/ai/tools/implementations/weather.ts(48,38): error TS2551: Property 'struct' does not exist on type 'typeof import("/Users/paul/Projects/EffectiveAgent/node_modules/effect/dist/dts/Schema")'. Did you mean 'Struct'?
src/services/ai/tools/implementations/weather.ts(49,17): error TS2551: Property 'string' does not exist on type 'typeof import("/Users/paul/Projects/EffectiveAgent/node_modules/effect/dist/dts/Schema")'. Did you mean 'String'?
src/services/ai/tools/implementations/weather.ts(50,14): error TS2551: Property 'enums' does not exist on type 'typeof import("/Users/paul/Projects/EffectiveAgent/node_modules/effect/dist/dts/Schema")'. Did you mean 'Enums'?
src/services/ai/tools/implementations/weather.ts(52,28): error TS2551: Property 'array' does not exist on type 'typeof import("/Users/paul/Projects/EffectiveAgent/node_modules/effect/dist/dts/Schema")'. Did you mean 'Array'?
src/services/ai/tools/implementations/weather.ts(52,36): error TS2551: Property 'struct' does not exist on type 'typeof import("/Users/paul/Projects/EffectiveAgent/node_modules/effect/dist/dts/Schema")'. Did you mean 'Struct'?
src/services/ai/tools/implementations/weather.ts(53,17): error TS2551: Property 'string' does not exist on type 'typeof import("/Users/paul/Projects/EffectiveAgent/node_modules/effect/dist/dts/Schema")'. Did you mean 'String'?
src/services/ai/tools/implementations/weather.ts(56,26): error TS2551: Property 'array' does not exist on type 'typeof import("/Users/paul/Projects/EffectiveAgent/node_modules/effect/dist/dts/Schema")'. Did you mean 'Array'?
src/services/ai/tools/implementations/weather.ts(59,38): error TS2694: Namespace '"/Users/paul/Projects/EffectiveAgent/node_modules/effect/dist/dts/Schema".Schema' has no exported member 'To'.
src/services/ai/tools/implementations/weather.ts(149,5): error TS2322: Type 'Effect<any, Error, unknown>' is not assignable to type 'Effect<S.Schema.To<any>, Error, never>'.
  Type 'unknown' is not assignable to type 'never'.
src/services/ai/tools/implementations/weather.ts(157,29): error TS7053: Element implicitly has an 'any' type because expression of type 'any' can't be used to index type '{ metric: { current: { temperature: number; feelsLike: number; humidity: number; windSpeed: number; description: string; }; forecast: { date: string; conditions: { temperature: number; feelsLike: number; humidity: number; windSpeed: number; description: string; }; }[]; alerts: { ...; }[]; }; imperial: { ...; }; }'.
src/services/ai/tools/implementations/weather.ts(157,45): error TS18046: 'data' is of type 'unknown'.
src/services/ai/tools/implementations/weather.ts(161,23): error TS18046: 'data' is of type 'unknown'.
src/services/ai/tools/implementations/weather.ts(162,20): error TS18046: 'data' is of type 'unknown'.
src/services/ai/tools/implementations/weather.ts(165,17): error TS18046: 'data' is of type 'unknown'.
src/services/ai/tools/implementations/weather.ts(175,61): error TS18046: 'data' is of type 'unknown'.
src/services/ai/tools/implementations/weather.ts(185,59): error TS18046: 'data' is of type 'unknown'.
src/services/ai/tools/implementations/wikipedia.ts(21,37): error TS2554: Expected 1 arguments, but got 2.
src/services/ai/tools/implementations/wikipedia.ts(27,41): error TS2554: Expected 1 arguments, but got 2.
src/services/ai/tools/implementations/wikipedia.ts(32,37): error TS2554: Expected 1 arguments, but got 2.
src/services/capabilities/intelligence/__tests__/service.test.ts(103,83): error TS2339: Property 'constructor' does not exist on type 'never'.
src/services/capabilities/intelligence/__tests__/service.test.ts(147,83): error TS2339: Property 'constructor' does not exist on type 'never'.
src/services/capabilities/persona/service.ts(62,27): error TS2345: Argument of type 'unknown' is not assignable to parameter of type '{ readonly name: string; readonly instructions: string; readonly description?: string | undefined; readonly tone?: "formal" | "casual" | "professional" | "witty" | "empathetic" | undefined; readonly verbosity?: "concise" | ... 2 more ... | undefined; readonly outputFormat?: "text" | ... 2 more ... | undefined; reado...'.
src/services/capabilities/skill/__tests__/service.test.ts(49,35): error TS2339: Property 'load' does not exist on type 'SkillServiceApi'.
src/services/capabilities/skill/__tests__/service.test.ts(78,27): error TS2339: Property 'load' does not exist on type 'SkillServiceApi'.
src/services/capabilities/skill/__tests__/service.test.ts(124,27): error TS2339: Property 'load' does not exist on type 'SkillServiceApi'.
src/services/capabilities/skill/service.ts(32,25): error TS2345: Argument of type 'unknown' is not assignable to parameter of type '{ readonly name: string; readonly intelligenceName: string; readonly promptTemplateName: string; readonly description?: string | undefined; readonly metadata?: { readonly [x: string]: unknown; } | undefined; ... 4 more ...; readonly outputSchemaRef?: string | undefined; }'.
src/services/capabilities/skill/service.ts(72,26): error TS2339: Property 'inputSchema' does not exist on type 'Option<RegisteredSkill<unknown, unknown>>'.
  Property 'inputSchema' does not exist on type 'None<RegisteredSkill<unknown, unknown>>'.
src/services/capabilities/skill/service.ts(90,26): error TS2339: Property 'outputSchema' does not exist on type 'Option<RegisteredSkill<unknown, unknown>>'.
  Property 'outputSchema' does not exist on type 'None<RegisteredSkill<unknown, unknown>>'.
src/services/core/attachment/schema.ts(26,5): error TS2345: Argument of type 'typeof BaseEntitySchema' is not assignable to parameter of type 'Any'.
  Property '[TypeId]' is missing in type 'typeof BaseEntitySchema' but required in type 'Schema<any, any, unknown>'.
src/services/core/auth/service.ts(43,13): error TS2322: Type 'Effect<unknown, unknown, unknown>' is not assignable to type 'Effect<void, AuthorizationError, never>'.
  Type 'unknown' is not assignable to type 'void'.
src/services/core/auth/service.ts(55,35): error TS2339: Property 'unit' does not exist on type 'typeof import("/Users/paul/Projects/EffectiveAgent/node_modules/effect/dist/dts/Effect")'.
src/services/core/auth/service.ts(57,33): error TS2345: Argument of type 'string' is not assignable to parameter of type 'never'.
src/services/core/auth/service.ts(67,13): error TS2322: Type 'Effect<unknown, unknown, unknown>' is not assignable to type 'Effect<void, AuthorizationError, never>'.
src/services/core/auth/service.ts(76,35): error TS2339: Property 'unit' does not exist on type 'typeof import("/Users/paul/Projects/EffectiveAgent/node_modules/effect/dist/dts/Effect")'.
src/services/core/auth/service.ts(78,33): error TS2345: Argument of type 'string' is not assignable to parameter of type 'never'.
src/services/core/configuration/index.ts(9,5): error TS2724: '"./types.js"' has no exported member named 'ConfigLoaderOptions'. Did you mean 'ConfigLoaderOptionsApi'?
src/services/core/configuration/index.ts(10,5): error TS2724: '"./types.js"' has no exported member named 'ConfigLoaderOptionsTag'. Did you mean 'ConfigLoaderOptionsApi'?
src/services/core/configuration/index.ts(11,5): error TS1205: Re-exporting a type when 'isolatedModules' is enabled requires using 'export type'.
src/services/core/configuration/types.ts(35,14): error TS2503: Cannot find namespace 'Schema'.
src/services/core/configuration/types.ts(42,35): error TS2507: Type '{ <const Key extends string, const Make extends { readonly scoped: Effect<AllowedType<Key, Make>, any, any>; readonly dependencies?: readonly Any[] | undefined; readonly accessors?: boolean | undefined; readonly _: never; } | { ...; } | { ...; } | { ...; }>(key: Key, make: Make): Class<...>; <const Key extends str...' is not a constructor function type.
src/services/core/configuration/types.ts(43,21): error TS7022: 'Tag' implicitly has type 'any' because it does not have a type annotation and is referenced directly or indirectly in its own initializer.
src/services/core/configuration/types.ts(43,40): error TS2729: Property 'Tag' is used before its initialization.
src/services/core/configuration/types.ts(50,5): error TS2322: Type 'Effect<{ loadConfig: <T extends BaseConfig>(filename: string, loadOptions?: LoadOptions<T> | undefined) => Effect<T, ConfigReadError | ConfigParseError | ConfigValidationError | ConfigSchemaMissingError, FileSystem>; }, unknown, unknown>' is not assignable to type 'Effect<ConfigLoaderApi, never, never>'.
  Type 'unknown' is not assignable to type 'never'.
src/services/core/configuration/types.ts(52,38): error TS2339: Property 'FileSystem' does not exist on type 'Tag<FileSystem, FileSystem>'.
src/services/core/configuration/types.ts(58,13): error TS2322: Type 'Effect<T, unknown, unknown>' is not assignable to type 'Effect<T, ConfigReadError | ConfigParseError | ConfigValidationError | ConfigSchemaMissingError, FileSystem>'.
  Type 'unknown' is not assignable to type 'ConfigReadError | ConfigParseError | ConfigValidationError | ConfigSchemaMissingError'.
src/services/core/configuration/types.ts(63,51): error TS1361: 'ConfigReadError' cannot be used as a value because it was imported using 'import type'.
src/services/core/configuration/types.ts(75,51): error TS1361: 'ConfigParseError' cannot be used as a value because it was imported using 'import type'.
src/services/core/configuration/types.ts(93,9): error TS2345: Argument of type 'typeof ConfigLoader' is not assignable to parameter of type 'Tag<unknown, unknown>'.
  Type 'typeof ConfigLoader' is missing the following properties from type 'Tag<unknown, unknown>': _op, Service, Identifier, of, and 12 more.
src/services/core/file/schema.ts(36,5): error TS2345: Argument of type 'typeof BaseEntitySchema' is not assignable to parameter of type 'Any'.
src/services/core/mock-websocket/__tests__/service.test.ts(1,62): error TS2307: Cannot find module '@/agent-runtime/agent-runtime.errors.js' or its corresponding type declarations.
src/services/core/mock-websocket/__tests__/service.test.ts(39,25): error TS2741: Property 'avgProcessingTime' is missing in type '{ size: number; processed: number; timeouts: number; }' but required in type '{ readonly size: number; readonly processed: number; readonly timeouts: number; readonly avgProcessingTime: number; }'.
src/services/core/mock-websocket/__tests__/service.test.ts(60,15): error TS2322: Type 'Effect<unknown, unknown, unknown>' is not assignable to type 'Effect<MockWebSocketServerApi, never, never>'.
  Type 'unknown' is not assignable to type 'MockWebSocketServerApi'.
src/services/core/mock-websocket/__tests__/service.test.ts(78,33): error TS2741: Property 'avgProcessingTime' is missing in type '{ size: number; processed: number; timeouts: number; }' but required in type '{ readonly size: number; readonly processed: number; readonly timeouts: number; readonly avgProcessingTime: number; }'.
src/services/core/mock-websocket/__tests__/service.test.ts(99,25): error TS2741: Property 'avgProcessingTime' is missing in type '{ size: number; processed: number; timeouts: number; }' but required in type '{ readonly size: number; readonly processed: number; readonly timeouts: number; readonly avgProcessingTime: number; }'.
src/services/core/mock-websocket/__tests__/service.test.ts(111,51): error TS2339: Property 'effect' does not exist on type 'typeof MockWebSocketServer'.
src/services/core/mock-websocket/index.ts(1,15): error TS2834: Relative import paths need explicit file extensions in ECMAScript imports when '--moduleResolution' is 'node16' or 'nodenext'. Consider adding an extension to the import path.
src/services/core/mock-websocket/index.ts(2,15): error TS2835: Relative import paths need explicit file extensions in ECMAScript imports when '--moduleResolution' is 'node16' or 'nodenext'. Did you mean './service.js'?
src/services/core/repository/implementations/drizzle/__tests__/live.test.ts(37,9): error TS2345: Argument of type 'typeof DrizzleClient' is not assignable to parameter of type 'Effect<unknown, unknown, unknown>'.
  Type 'typeof DrizzleClient' is missing the following properties from type 'Effect<unknown, unknown, unknown>': [Symbol.iterator], [EffectTypeId], pipe, [SinkTypeId], and 2 more.
src/services/core/repository/implementations/drizzle/__tests__/live.test.ts(49,36): error TS18046: 'repo' is of type 'unknown'.
src/services/core/repository/implementations/drizzle/__tests__/live.test.ts(56,34): error TS18046: 'repo' is of type 'unknown'.
src/services/core/repository/implementations/drizzle/__tests__/live.test.ts(63,29): error TS2345: Argument of type 'Effect<void, unknown, unknown>' is not assignable to parameter of type 'Effect<void, unknown, DrizzleClient>'.
src/services/core/repository/implementations/drizzle/__tests__/live.test.ts(74,36): error TS18046: 'repo' is of type 'unknown'.
src/services/core/repository/implementations/drizzle/__tests__/live.test.ts(75,36): error TS18046: 'repo' is of type 'unknown'.
src/services/core/repository/implementations/drizzle/__tests__/live.test.ts(78,40): error TS18046: 'repo' is of type 'unknown'.
src/services/core/repository/implementations/drizzle/__tests__/live.test.ts(82,45): error TS18046: 'repo' is of type 'unknown'.
src/services/core/repository/implementations/drizzle/__tests__/live.test.ts(89,42): error TS18046: 'repo' is of type 'unknown'.
src/services/core/repository/implementations/drizzle/__tests__/live.test.ts(97,29): error TS2345: Argument of type 'Effect<void, unknown, unknown>' is not assignable to parameter of type 'Effect<void, unknown, DrizzleClient>'.
src/services/core/repository/implementations/drizzle/__tests__/live.test.ts(108,36): error TS18046: 'repo' is of type 'unknown'.
src/services/core/repository/implementations/drizzle/__tests__/live.test.ts(109,36): error TS18046: 'repo' is of type 'unknown'.
src/services/core/repository/implementations/drizzle/__tests__/live.test.ts(117,29): error TS2345: Argument of type 'Effect<void, unknown, unknown>' is not assignable to parameter of type 'Effect<void, unknown, DrizzleClient>'.
src/services/core/repository/implementations/drizzle/__tests__/live.test.ts(123,27): error TS18046: 'repo' is of type 'unknown'.
src/services/core/repository/implementations/drizzle/__tests__/live.test.ts(152,36): error TS18046: 'repo' is of type 'unknown'.
src/services/core/repository/implementations/drizzle/__tests__/live.test.ts(153,20): error TS18046: 'repo' is of type 'unknown'.
src/services/core/repository/implementations/drizzle/__tests__/live.test.ts(156,34): error TS18046: 'repo' is of type 'unknown'.
src/services/core/repository/implementations/drizzle/__tests__/live.test.ts(160,29): error TS2345: Argument of type 'Effect<void, unknown, unknown>' is not assignable to parameter of type 'Effect<void, unknown, DrizzleClient>'.
src/services/core/repository/implementations/drizzle/__tests__/live.test.ts(172,20): error TS18046: 'repo' is of type 'unknown'.
src/services/core/repository/implementations/drizzle/__tests__/live.test.ts(173,20): error TS18046: 'repo' is of type 'unknown'.
src/services/core/repository/implementations/drizzle/__tests__/live.test.ts(174,20): error TS18046: 'repo' is of type 'unknown'.
src/services/core/repository/implementations/drizzle/__tests__/live.test.ts(177,39): error TS18046: 'repo' is of type 'unknown'.
src/services/core/repository/implementations/drizzle/__tests__/live.test.ts(181,42): error TS18046: 'repo' is of type 'unknown'.
src/services/core/repository/implementations/drizzle/__tests__/live.test.ts(187,29): error TS2345: Argument of type 'Effect<void, unknown, unknown>' is not assignable to parameter of type 'Effect<void, unknown, DrizzleClient>'.
src/services/core/repository/implementations/drizzle/__tests__/setup.ts(17,31): error TS2488: Type 'typeof DrizzleClient' must have a '[Symbol.iterator]()' method that returns an iterator.
src/services/core/repository/implementations/drizzle/__tests__/setup.ts(26,25): error TS2345: Argument of type 'Effect<void, unknown, unknown>' is not assignable to parameter of type 'Effect<void, unknown, DrizzleClient>'.
  Type 'unknown' is not assignable to type 'DrizzleClient'.
src/services/core/repository/implementations/drizzle/__tests__/setup.ts(34,31): error TS2488: Type 'typeof DrizzleClient' must have a '[Symbol.iterator]()' method that returns an iterator.
src/services/core/repository/implementations/drizzle/__tests__/setup.ts(42,25): error TS2345: Argument of type 'Effect<void, unknown, unknown>' is not assignable to parameter of type 'Effect<void, unknown, DrizzleClient>'.
src/services/core/repository/implementations/drizzle/__tests__/setup.ts(50,31): error TS2488: Type 'typeof DrizzleClient' must have a '[Symbol.iterator]()' method that returns an iterator.
src/services/core/repository/implementations/drizzle/__tests__/setup.ts(58,25): error TS2345: Argument of type 'Effect<void, unknown, unknown>' is not assignable to parameter of type 'Effect<void, unknown, DrizzleClient>'.
src/services/core/repository/implementations/drizzle/__tests__/test-config.ts(7,26): error TS2724: '"../config.js"' has no exported member named 'DatabaseConfigSchema'. Did you mean 'DatabaseConfig'?
src/services/core/repository/implementations/drizzle/__tests__/test-config.ts(26,5): error TS2345: Argument of type 'typeof DatabaseConfig' is not assignable to parameter of type 'Tag<unknown, unknown>'.
src/services/core/repository/implementations/drizzle/config.ts(10,15): error TS2305: Module '"./schema.js"' has no exported member 'DatabaseConfigSchema'.
src/services/core/repository/implementations/drizzle/config.ts(22,37): error TS2507: Type '{ <const Key extends string, const Make extends { readonly scoped: Effect<AllowedType<Key, Make>, any, any>; readonly dependencies?: readonly Any[] | undefined; readonly accessors?: boolean | undefined; readonly _: never; } | { ...; } | { ...; } | { ...; }>(key: Key, make: Make): Class<...>; <const Key extends str...' is not a constructor function type.
src/services/core/repository/implementations/drizzle/config.ts(23,21): error TS7022: 'Tag' implicitly has type 'any' because it does not have a type annotation and is referenced directly or indirectly in its own initializer.
src/services/core/repository/implementations/drizzle/config.ts(23,42): error TS2729: Property 'Tag' is used before its initialization.
src/services/core/repository/implementations/drizzle/config.ts(41,9): error TS2345: Argument of type 'typeof DatabaseConfig' is not assignable to parameter of type 'Tag<unknown, unknown>'.
  Type 'typeof DatabaseConfig' is missing the following properties from type 'Tag<unknown, unknown>': _op, Service, Identifier, of, and 12 more.
src/services/core/repository/implementations/drizzle/config.ts(55,36): error TS2507: Type '{ <const Key extends string, const Make extends { readonly scoped: Effect<AllowedType<Key, Make>, any, any>; readonly dependencies?: readonly Any[] | undefined; readonly accessors?: boolean | undefined; readonly _: never; } | { ...; } | { ...; } | { ...; }>(key: Key, make: Make): Class<...>; <const Key extends str...' is not a constructor function type.
src/services/core/repository/implementations/drizzle/config.ts(56,21): error TS7022: 'Tag' implicitly has type 'any' because it does not have a type annotation and is referenced directly or indirectly in its own initializer.
src/services/core/repository/implementations/drizzle/config.ts(56,41): error TS2729: Property 'Tag' is used before its initialization.
src/services/core/repository/implementations/drizzle/config.ts(63,29): error TS2488: Type 'typeof DatabaseConfig' must have a '[Symbol.iterator]()' method that returns an iterator.
src/services/core/repository/implementations/drizzle/config.ts(88,5): error TS2345: Argument of type 'typeof DrizzleClient' is not assignable to parameter of type 'Tag<unknown, unknown>'.
  Type 'typeof DrizzleClient' is missing the following properties from type 'Tag<unknown, unknown>': _op, Service, Identifier, of, and 12 more.
src/services/core/repository/implementations/drizzle/live.ts(11,40): error TS2305: Module '"../../types.js"' has no exported member 'RepositoryApi'.
src/services/core/repository/implementations/drizzle/live.ts(22,5): error TS2322: Type 'Effect<RepositoryApi<TEntity>, unknown, unknown>' is not assignable to type 'Effect<RepositoryApi<TEntity>, never, DrizzleClient>'.
  Type 'unknown' is not assignable to type 'never'.
src/services/core/repository/implementations/drizzle/live.ts(23,31): error TS2488: Type 'typeof DrizzleClient' must have a '[Symbol.iterator]()' method that returns an iterator.
src/services/core/repository/implementations/drizzle/live.ts(52,27): error TS2488: Type 'unknown' must have a '[Symbol.iterator]()' method that returns an iterator.
src/services/core/repository/implementations/drizzle/live.ts(84,27): error TS2488: Type 'unknown' must have a '[Symbol.iterator]()' method that returns an iterator.
src/services/core/repository/implementations/drizzle/live.ts(106,27): error TS2488: Type 'unknown' must have a '[Symbol.iterator]()' method that returns an iterator.
src/services/core/repository/implementations/drizzle/live.ts(158,23): error TS2488: Type 'unknown' must have a '[Symbol.iterator]()' method that returns an iterator.
src/services/core/repository/implementations/drizzle/live.ts(179,23): error TS2488: Type 'unknown' must have a '[Symbol.iterator]()' method that returns an iterator.
src/services/core/repository/implementations/drizzle/live.ts(202,27): error TS2488: Type 'unknown' must have a '[Symbol.iterator]()' method that returns an iterator.
src/services/core/repository/implementations/drizzle/live.ts(223,27): error TS2488: Type 'unknown' must have a '[Symbol.iterator]()' method that returns an iterator.
src/services/core/repository/implementations/drizzle/migrate.ts(25,27): error TS2488: Type 'typeof DrizzleClient' must have a '[Symbol.iterator]()' method that returns an iterator.
src/services/core/repository/implementations/drizzle/migrate.ts(64,38): error TS2345: Argument of type 'typeof DatabaseConfig' is not assignable to parameter of type 'Tag<unknown, unknown>'.
src/services/core/repository/implementations/drizzle/repository.test.ts(31,7): error TS2345: Argument of type 'typeof DrizzleRepository' is not assignable to parameter of type 'Tag<unknown, unknown>'.
  Type 'typeof DrizzleRepository' is missing the following properties from type 'Tag<unknown, unknown>': _op, Service, Identifier, of, and 12 more.
src/services/core/repository/implementations/drizzle/repository.test.ts(32,18): error TS2339: Property 'make' does not exist on type '{ readonly Tag: typeof DrizzleRepository; readonly live: (deps: DrizzleRepositoryDeps) => Layer<unknown, never, never>; }'.
src/services/core/repository/implementations/drizzle/repository.test.ts(44,32): error TS2488: Type 'typeof DrizzleRepository' must have a '[Symbol.iterator]()' method that returns an iterator.
src/services/core/repository/implementations/drizzle/repository.test.ts(62,32): error TS2488: Type 'typeof DrizzleRepository' must have a '[Symbol.iterator]()' method that returns an iterator.
src/services/core/repository/implementations/drizzle/repository.test.ts(78,32): error TS2488: Type 'typeof DrizzleRepository' must have a '[Symbol.iterator]()' method that returns an iterator.
src/services/core/repository/implementations/drizzle/repository.test.ts(91,32): error TS2488: Type 'typeof DrizzleRepository' must have a '[Symbol.iterator]()' method that returns an iterator.
src/services/core/repository/implementations/drizzle/repository.test.ts(98,28): error TS7006: Parameter 'e' implicitly has an 'any' type.
src/services/core/repository/implementations/drizzle/repository.test.ts(107,32): error TS2488: Type 'typeof DrizzleRepository' must have a '[Symbol.iterator]()' method that returns an iterator.
src/services/core/repository/implementations/drizzle/repository.test.ts(127,32): error TS2488: Type 'typeof DrizzleRepository' must have a '[Symbol.iterator]()' method that returns an iterator.
src/services/core/repository/implementations/drizzle/repository.test.ts(141,32): error TS2488: Type 'typeof DrizzleRepository' must have a '[Symbol.iterator]()' method that returns an iterator.
src/services/core/repository/implementations/drizzle/repository.test.ts(152,32): error TS2488: Type 'typeof DrizzleRepository' must have a '[Symbol.iterator]()' method that returns an iterator.
src/services/core/repository/implementations/drizzle/repository.test.ts(165,32): error TS2488: Type 'typeof DrizzleRepository' must have a '[Symbol.iterator]()' method that returns an iterator.
src/services/core/repository/implementations/drizzle/repository.test.ts(176,32): error TS2488: Type 'typeof DrizzleRepository' must have a '[Symbol.iterator]()' method that returns an iterator.
src/services/core/repository/implementations/drizzle/repository.ts(19,35): error TS2507: Type '{ <const Key extends string, const Make extends { readonly scoped: Effect<AllowedType<Key, Make>, any, any>; readonly dependencies?: readonly Any[] | undefined; readonly accessors?: boolean | undefined; readonly _: never; } | { ...; } | { ...; } | { ...; }>(key: Key, make: Make): Class<...>; <const Key extends str...' is not a constructor function type.
src/services/core/repository/implementations/drizzle/repository.ts(219,7): error TS2345: Argument of type 'typeof DrizzleRepository' is not assignable to parameter of type 'Tag<unknown, unknown>'.
  Type 'typeof DrizzleRepository' is missing the following properties from type 'Tag<unknown, unknown>': _op, Service, Identifier, of, and 12 more.
src/services/core/repository/implementations/in-memory/__tests__/live.test.ts(19,5): error TS2305: Module '"@core/repository/types.js"' has no exported member 'RepositoryApi'.
src/services/core/repository/implementations/in-memory/__tests__/live.test.ts(94,24): error TS18046: 'foundSome.value' is of type 'unknown'.
src/services/core/repository/implementations/in-memory/__tests__/live.test.ts(95,24): error TS18046: 'foundSome.value' is of type 'unknown'.
src/services/core/repository/implementations/in-memory/__tests__/live.test.ts(115,33): error TS7006: Parameter 'e' implicitly has an 'any' type.
src/services/core/repository/implementations/in-memory/__tests__/live.test.ts(130,24): error TS18046: 'oneValue10.value' is of type 'unknown'.
src/services/core/repository/implementations/in-memory/__tests__/live.test.ts(159,24): error TS18046: 'found.value' is of type 'unknown'.
src/services/core/repository/implementations/in-memory/__tests__/live.test.ts(160,24): error TS18046: 'found.value' is of type 'unknown'.
src/services/core/repository/implementations/in-memory/__tests__/live.test.ts(177,24): error TS18046: 'failure.value' is of type 'unknown'.
src/services/core/repository/implementations/in-memory/__tests__/live.test.ts(217,24): error TS18046: 'failure.value' is of type 'unknown'.
src/services/core/tag/schema.ts(24,5): error TS2345: Argument of type 'typeof BaseEntitySchema' is not assignable to parameter of type 'Any'.
src/services/core/tag/schema.ts(50,5): error TS2345: Argument of type 'typeof BaseEntitySchema' is not assignable to parameter of type 'Any'.
src/services/core/tag/service.ts(74,108): error TS2339: Property 'message' does not exist on type 'never'.
  Property 'message' does not exist on type 'never'.
src/services/core/tag/service.ts(86,11): error TS2322: Type 'Effect<Effect<Option<any>, RepositoryError, never>, TagDbError, never>' is not assignable to type 'Effect<Option<any>, TagDbError, never>'.
  Type 'Effect<Option<any>, RepositoryError, never>' is not assignable to type 'Option<any>'.
    Type 'Effect<Option<any>, RepositoryError, never>' is missing the following properties from type 'Some<any>': _tag, _op, value, [TypeId], and 3 more.
src/services/core/tag/service.ts(96,109): error TS2339: Property 'message' does not exist on type 'never'.
  The intersection 'TagDbError & RepositoryError' was reduced to 'never' because property '_tag' has conflicting types in some constituents.
src/services/core/tag/service.ts(108,11): error TS2322: Type 'Effect<Effect<Option<any>, RepositoryError, never>, TagDbError, never>' is not assignable to type 'Effect<Option<any>, TagDbError, never>'.
src/services/core/tag/service.ts(121,111): error TS2339: Property 'message' does not exist on type 'never'.
  The intersection 'TagDbError & RepositoryError' was reduced to 'never' because property '_tag' has conflicting types in some constituents.
src/services/core/tag/service.ts(133,11): error TS2322: Type 'Effect<Effect<readonly any[], RepositoryError, never>, TagDbError, never>' is not assignable to type 'Effect<readonly any[], TagDbError, never>'.
  Type 'Effect<readonly any[], RepositoryError, never>' is missing the following properties from type 'readonly any[]': length, concat, join, slice, and 19 more.
src/services/core/tag/service.ts(162,107): error TS2339: Property 'message' does not exist on type 'never'.
  The intersection 'TagDbError & RepositoryError' was reduced to 'never' because property '_tag' has conflicting types in some constituents.
src/services/core/test-harness/components/fixtures/api.ts(1,76): error TS2307: Cannot find module '@/services/ai/producers/embedding/service.js' or its corresponding type declarations.
src/services/core/test-harness/components/mock-accessors/api.ts(2,42): error TS2307: Cannot find module '@/services/ai/producers/embedding/api.js' or its corresponding type declarations.
src/services/core/test-harness/components/mock-accessors/api.ts(3,39): error TS2307: Cannot find module '@/services/ai/producers/object/api.js' or its corresponding type declarations.
src/services/core/test-harness/components/mock-accessors/api.ts(4,37): error TS2307: Cannot find module '@/services/ai/producers/text/api.js' or its corresponding type declarations.
src/services/core/test-harness/components/mock-accessors/api.ts(35,44): error TS2307: Cannot find module '@/services/ai/producers/chat/service.js' or its corresponding type declarations.
src/services/core/test-harness/examples/mock-websocket-test-example.ts(8,37): error TS2307: Cannot find module '@/agent-runtime/agent-runtime.service.js' or its corresponding type declarations.
src/services/core/test-harness/examples/mock-websocket-test-example.ts(126,22): error TS2503: Cannot find namespace 'TestHarnessService'.
src/services/core/test-harness/examples/mock-websocket-test-example.ts(136,13): error TS2345: Argument of type 'Effect<TestHarnessApi<unknown>, never, AssertionHelperApi | EffectRunnerApi | FixtureApi | MockAccessorApi>' is not assignable to parameter of type 'Effect<TestHarnessApi<unknown>, never, never>'.
  Type 'AssertionHelperApi | EffectRunnerApi | FixtureApi | MockAccessorApi' is not assignable to type 'never'.
    Type 'AssertionHelperApi' is not assignable to type 'never'.
src/services/core/test-harness/examples/mock-websocket-test-example.ts(147,33): error TS2339: Property 'effect' does not exist on type 'typeof MockWebSocketServer'.
src/services/core/test-harness/examples/mock-websocket-test-example.ts(180,13): error TS2454: Variable 'scope' is used before being assigned.
src/services/core/test-harness/examples/mock-websocket-test-example.ts(181,49): error TS2345: Argument of type 'Scope' is not assignable to parameter of type 'CloseableScope'.
  Property '[CloseableScopeTypeId]' is missing in type 'Scope' but required in type 'CloseableScope'.
src/services/core/test-harness/examples/mock-websocket-test-example.ts(181,63): error TS2339: Property 'unit' does not exist on type 'typeof import("/Users/paul/Projects/EffectiveAgent/node_modules/effect/dist/dts/Effect")'.
src/services/core/test-harness/examples/mock-websocket-test-example.ts(192,65): error TS2503: Cannot find namespace 'TestHarnessService'.
src/services/core/test-harness/examples/mock-websocket-test-example.ts(224,18): error TS2503: Cannot find namespace 'TestHarnessService'.
src/services/core/test-harness/examples/mock-websocket-test-example.ts(256,67): error TS2503: Cannot find namespace 'TestHarnessService'.
src/services/core/test-harness/utils/__tests__/context-management.test.ts(76,53): error TS2345: Argument of type '(resource: TestResource) => Effect.Effect<never, Error, never>' is not assignable to parameter of type '(a: TestResource) => Effect<unknown, never, never>'.
  Type 'Effect<never, Error, never>' is not assignable to type 'Effect<unknown, never, never>'.
    Type 'Error' is not assignable to type 'never'.
src/services/core/websocket/index.ts(1,15): error TS2307: Cannot find module './live.js' or its corresponding type declarations.
src/services/mailbox/mailbox.ts(2,30): error TS2307: Cannot find module '../agent-runtime/errors.js' or its corresponding type declarations.
src/services/mailbox/mailbox.ts(3,53): error TS2307: Cannot find module '../agent-runtime/types.js' or its corresponding type declarations.
src/services/mailbox/prioritized-mailbox.ts(3,53): error TS2307: Cannot find module '../agent-runtime/types.js' or its corresponding type declarations.
src/services/mailbox/prioritized-mailbox.ts(4,45): error TS2307: Cannot find module '../agent-runtime/types.js' or its corresponding type declarations.
src/services/mailbox/prioritized-mailbox.ts(110,35): error TS2683: 'this' implicitly has type 'any' because it does not have a type annotation.
src/services/mailbox/prioritized-mailbox.ts(115,43): error TS2683: 'this' implicitly has type 'any' because it does not have a type annotation.
src/services/pipeline/__tests__/pipeline.service.test.ts(10,9): error TS2322: Type '<A, E, R>(effect: Effect.Effect<A, E, R>, config?: {}) => Effect.Effect<{}, never, never>' is not assignable to type '<A, E, R>(effect: Effect<A, E, R>, config?: PipelineConfig | undefined) => Effect<A, PipelineError, R>'.
  Type 'Effect<{}, never, never>' is not assignable to type 'Effect<A, PipelineError, R>'.
    Type '{}' is not assignable to type 'A'.
      'A' could be instantiated with an arbitrary type which could be unrelated to '{}'.
src/services/pipeline/__tests__/pipeline.service.test.ts(12,44): error TS2339: Property 'unit' does not exist on type 'typeof import("/Users/paul/Projects/EffectiveAgent/node_modules/effect/dist/dts/Effect")'.
src/services/pipeline/__tests__/pipeline.service.test.ts(16,67): error TS2345: Argument of type '{ _tag: "Pipeline"; execute: <A, E, R>(effect: Effect<A, E, R>, config?: {}) => Effect<{}, never, never>; validateConfig: (config: PipelineConfig) => any; }' is not assignable to parameter of type 'PipelineApi'.
  Types of property 'execute' are incompatible.
    Type '<A, E, R>(effect: Effect.Effect<A, E, R>, config?: {}) => Effect.Effect<{}, never, never>' is not assignable to type '<A, E, R>(effect: Effect<A, E, R>, config?: PipelineConfig | undefined) => Effect<A, PipelineError, R>'.
src/services/pipeline/implementations/__tests__/structured-output.test.ts(41,48): error TS2345: Argument of type 'Effect<StructuredOutputOutput<Person>, EffectiveError, ExecutiveService>' is not assignable to parameter of type 'Effect<StructuredOutputOutput<Person>, EffectiveError, never>'.
  Type 'ExecutiveService' is not assignable to type 'never'.
src/services/pipeline/implementations/__tests__/structured-output.test.ts(77,48): error TS2345: Argument of type 'Effect<StructuredOutputOutput<Person>, EffectiveError, ExecutiveService>' is not assignable to parameter of type 'Effect<StructuredOutputOutput<Person>, EffectiveError, never>'.
src/services/pipeline/implementations/__tests__/structured-output.test.ts(104,48): error TS2345: Argument of type 'Effect<Either<StructuredOutputOutput<Person>, EffectiveError>, never, ExecutiveService>' is not assignable to parameter of type 'Effect<Either<StructuredOutputOutput<Person>, EffectiveError>, never, never>'.
  Type 'ExecutiveService' is not assignable to type 'never'.
src/services/pipeline/implementations/gemini-pro-coding.ts(1,35): error TS2307: Cannot find module './gemini-pro.js' or its corresponding type declarations.
src/services/pipeline/implementations/text-completion.test.ts(26,29): error TS2307: Cannot find module '@/services/core/auth/context.js' or its corresponding type declarations.
src/services/pipeline/implementations/text-completion.test.ts(38,9): error TS2322: Type '() => Effect.Effect<TextCompletionOutput, never, never>' is not assignable to type '<R, E, A>(effect: Effect.Effect<A, E, R>, parameters?: ExecutiveParameters) => Effect.Effect<A, ExecutiveServiceError | E, R>'.
  Type 'Effect<TextCompletionOutput, never, never>' is not assignable to type 'Effect<A, ExecutiveServiceError | E, R>'.
    Type 'TextCompletionOutput' is not assignable to type 'A'.
      'A' could be instantiated with an arbitrary type which could be unrelated to 'TextCompletionOutput'.
src/services/pipeline/implementations/text-completion.test.ts(164,9): error TS2322: Type '() => Effect.Effect<TextCompletionOutput, never, never>' is not assignable to type '<R, E, A>(effect: Effect.Effect<A, E, R>, parameters?: ExecutiveParameters) => Effect.Effect<A, ExecutiveServiceError | E, R>'.
  Type 'Effect<TextCompletionOutput, never, never>' is not assignable to type 'Effect<A, ExecutiveServiceError | E, R>'.
src/services/pipeline/implementations/text-completion.test.ts(191,63): error TS2339: Property 'mock' does not exist on type '(historyId: string) => Effect<ChatHistory | null, ChatHistoryError, never>'.
src/services/pipeline/implementations/text-completion.test.ts(196,63): error TS2339: Property 'mock' does not exist on type '(historyId: string, history: ChatHistory) => Effect<void, ChatHistoryError, never>'.
src/services/pipeline/implementations/text-completion.test.ts(201,44): error TS2339: Property 'prompt' does not exist on type 'TextCompletionInput'.
src/services/pipeline/implementations/text-completion.test.ts(202,50): error TS2339: Property 'text' does not exist on type 'TextCompletionOutput'.
src/services/pipeline/implementations/text-completion.ts(22,26): error TS2352: Conversion of type 'typeof TextCompletionInput' to type 'Schema<unknown, TextCompletionInput, never>' may be a mistake because neither type sufficiently overlaps with the other. If this was intentional, convert the expression to 'unknown' first.
  Type 'typeof TextCompletionInput' is missing the following properties from type 'Schema<unknown, TextCompletionInput, never>': Type, Encoded, Context, ast, and 3 more.
src/services/pipeline/implementations/text-completion.ts(23,27): error TS2352: Conversion of type 'typeof TextCompletionOutput' to type 'Schema<unknown, TextCompletionOutput, never>' may be a mistake because neither type sufficiently overlaps with the other. If this was intentional, convert the expression to 'unknown' first.
  Type 'typeof TextCompletionOutput' is missing the following properties from type 'Schema<unknown, TextCompletionOutput, never>': Type, Encoded, Context, ast, and 3 more.
src/services/pipeline/implementations/text-completion.ts(33,5): error TS2322: Type 'Effect<{ text: string; usage: Usage; }, EffectiveError, ConfigProvider | TextServiceApi>' is not assignable to type 'Effect<TextCompletionOutput, EffectiveError, never>'.
  Type 'ConfigProvider | TextServiceApi' is not assignable to type 'never'.
    Type 'ConfigProvider' is not assignable to type 'never'.
src/services/pipeline/implementations/text-completion.ts(37,25): error TS2339: Property 'prompt' does not exist on type 'TextCompletionInput'.
src/services/pipeline/implementations/text-completion.ts(38,26): error TS2339: Property 'modelId' does not exist on type 'TextCompletionInput'.
src/services/pipeline/implementations/text-completion.ts(39,45): error TS2339: Property 'systemPrompt' does not exist on type 'TextCompletionInput'.
src/services/pipeline/implementations/text-completion.ts(41,29): error TS2339: Property 'maxTokens' does not exist on type 'TextCompletionInput'.
src/services/pipeline/implementations/text-completion.ts(42,31): error TS2339: Property 'maxRetries' does not exist on type 'TextCompletionInput'.
src/services/pipeline/implementations/text-completion.ts(43,32): error TS2339: Property 'temperature' does not exist on type 'TextCompletionInput'.
src/services/pipeline/implementations/text-completion.ts(44,25): error TS2339: Property 'topP' does not exist on type 'TextCompletionInput'.
src/services/pipeline/implementations/text-completion.ts(45,25): error TS2339: Property 'topK' does not exist on type 'TextCompletionInput'.
src/services/pipeline/implementations/text-completion.ts(46,36): error TS2339: Property 'presencePenalty' does not exist on type 'TextCompletionInput'.
src/services/pipeline/implementations/text-completion.ts(47,37): error TS2339: Property 'frequencyPenalty' does not exist on type 'TextCompletionInput'.
src/services/pipeline/implementations/text-completion.ts(48,25): error TS2339: Property 'seed' does not exist on type 'TextCompletionInput'.
src/services/pipeline/implementations/text-completion.ts(49,25): error TS2339: Property 'stop' does not exist on type 'TextCompletionInput'.
src/services/pipeline/implementations/text-completion.ts(66,22): error TS2769: No overload matches this call.
  The last overload gave the following error.
    Argument of type 'typeof TextService' is not assignable to parameter of type 'ManagedRuntime<unknown, unknown>'.
      Type 'typeof TextService' is missing the following properties from type 'ManagedRuntime<unknown, unknown>': memoMap, runtimeEffect, runtime, runFork, and 8 more.
src/services/pipeline/input/helpers.ts(29,48): error TS2339: Property 'getMessages' does not exist on type 'EffectiveInput'.
src/services/pipeline/input/helpers.ts(48,48): error TS2339: Property 'getMessages' does not exist on type 'EffectiveInput'.
src/services/pipeline/input/helpers.ts(71,48): error TS2339: Property 'getMessages' does not exist on type 'EffectiveInput'.
src/services/pipeline/input/helpers.ts(87,9): error TS2322: Type 'Effect<ArrayBufferLike, never, never>' is not assignable to type 'Effect<ArrayBuffer, NoAudioFileError, never>'.
src/services/pipeline/pipeline/__tests__/service.test.ts(7,34): error TS2307: Cannot find module '../service.js' or its corresponding type declarations.
src/services/pipeline/pipeline/__tests__/service.test.ts(40,15): error TS2322: Type 'Effect<{ execute: <In, Out>(input: In, schema: { input: Schema<In, In, never>; output: Schema<Out, Out, never>; }, parameters?: ExecutiveParameters | undefined) => Effect<...>; }, never, never>' is not assignable to type 'Effect<PipelineServiceInterface, never, never>'.
  Property '_tag' is missing in type '{ execute: <In, Out>(input: In, schema: { input: Schema.Schema<In, In, never>; output: Schema.Schema<Out, Out, never>; }, parameters?: ExecutiveParameters) => Effect.Effect<Out, unknown, unknown>; }' but required in type 'PipelineServiceInterface'.
src/services/pipeline/pipeline/__tests__/service.test.ts(65,19): error TS2353: Object literal may only specify known properties, and 'prompt' does not exist in type 'Effect<unknown, unknown, unknown>'.
src/services/pipeline/pipeline/__tests__/service.test.ts(86,23): error TS2353: Object literal may only specify known properties, and 'wrongField' does not exist in type 'Effect<unknown, unknown, unknown>'.
src/services/pipeline/pipeline/__tests__/service.test.ts(108,23): error TS2353: Object literal may only specify known properties, and 'prompt' does not exist in type 'Effect<unknown, unknown, unknown>'.
src/services/pipeline/pipeline/api.ts(12,31): error TS2304: Cannot find name 'ExecutiveServiceError'.
src/services/pipeline/pipeline/api.ts(24,33): error TS2304: Cannot find name 'ExecutiveServiceError'.
src/services/pipeline/pipeline/api.ts(26,51): error TS2339: Property 'maxRetries' does not exist on type 'ExecutiveParameters'.
src/services/pipeline/pipeline/api.ts(30,43): error TS2339: Property 'maxRetries' does not exist on type 'ExecutiveParameters'.
src/services/pipeline/pipeline/api.ts(36,51): error TS2551: Property 'timeoutMs' does not exist on type 'ExecutiveParameters'. Did you mean 'timeout'?
src/services/pipeline/pipeline/api.ts(39,48): error TS2551: Property 'timeoutMs' does not exist on type 'ExecutiveParameters'. Did you mean 'timeout'?
src/services/pipeline/pipeline/base.ts(69,9): error TS2345: Argument of type 'import("/Users/paul/Projects/EffectiveAgent/src/services/pipeline/pipeline/types", { with: { "resolution-mode": "import" } }).ExecutiveParameters | undefined' is not assignable to parameter of type 'import("/Users/paul/Projects/EffectiveAgent/src/services/pipeline/service", { with: { "resolution-mode": "import" } }).ExecutiveParameters | undefined'.
  Type 'ExecutiveParameters' has no properties in common with type 'ExecutiveParameters'.
src/services/pipeline/producers/chat/__tests__/service-with-harness.test.ts(9,28): error TS2307: Cannot find module '@/services/test-harness/components/fixtures/service.js' or its corresponding type declarations.
src/services/pipeline/producers/chat/index.ts(9,5): error TS2724: '"./service.js"' has no exported member named 'ChatServiceLive'. Did you mean 'ChatService'?
src/services/pipeline/producers/chat/service.ts(6,10): error TS2305: Module '"@/services/ai/input/service.js"' has no exported member 'EffectiveInput'.
src/services/pipeline/producers/chat/utils.ts(28,25): error TS2367: This comparison appears to be unintentional because the types '"Text" | "Image" | "ImageUrl" | "ToolCall" | "ToolCallResolved"' and '"TextPart"' have no overlap.
src/services/pipeline/producers/chat/utils.ts(29,43): error TS2339: Property 'content' does not exist on type 'never'.
src/services/pipeline/producers/chat/utils.ts(43,18): error TS2678: Type '"system"' is not comparable to type '"user" | "model"'.
src/services/pipeline/producers/chat/utils.ts(46,104): error TS2339: Property 'kind' does not exist on type 'never'.
src/services/pipeline/producers/embedding/__tests__/service-with-harness.test.ts(1,8): error TS2613: Module '"/Users/paul/Projects/EffectiveAgent/src/services/ai/model/service"' has no default export. Did you mean to use 'import { ModelService } from "/Users/paul/Projects/EffectiveAgent/src/services/ai/model/service"' instead?
src/services/pipeline/producers/embedding/__tests__/service-with-harness.test.ts(3,32): error TS2307: Cannot find module '@/services/test-harness/components/fixtures/service.js' or its corresponding type declarations.
src/services/pipeline/producers/embedding/__tests__/service-with-harness.test.ts(4,37): error TS2307: Cannot find module '@/services/test-harness/components/mock-accessors/service.js' or its corresponding type declarations.
src/services/pipeline/producers/embedding/__tests__/service-with-harness.test.ts(5,34): error TS2307: Cannot find module '@/services/test-harness/service.js' or its corresponding type declarations.
src/services/pipeline/producers/embedding/__tests__/service-with-harness.test.ts(10,10): error TS2459: Module '"../service.js"' declares 'EmbeddingGenerationResult' locally, but it is not exported.
src/services/pipeline/producers/embedding/api.ts(1,87): error TS2307: Cannot find module '@/services/ai/producers/embedding/errors.js' or its corresponding type declarations.
src/services/pipeline/producers/embedding/api.ts(2,76): error TS2307: Cannot find module '@/services/ai/producers/embedding/service.js' or its corresponding type declarations.
src/services/pipeline/producers/image/__tests__/service-with-harness.test.ts(1,34): error TS2307: Cannot find module '@/services/test-harness/layer.js' or its corresponding type declarations.
src/services/pipeline/producers/image/index.ts(9,5): error TS2724: '"./service.js"' has no exported member named 'ImageServiceLive'. Did you mean 'ImageService'?
src/services/pipeline/producers/image/service.ts(231,48): error TS2304: Cannot find name 'EffectiveInput'.
src/services/pipeline/producers/image/service.ts(246,37): error TS2353: Object literal may only specify known properties, and 'maxRetries' does not exist in type 'BaseProviderParameters'.
src/services/pipeline/producers/index.ts(13,15): error TS2307: Cannot find module './text/index.js' or its corresponding type declarations.
src/services/pipeline/producers/object/schema-utils.ts(13,49): error TS2709: Cannot use namespace 'Schema' as a type.
src/services/pipeline/producers/object/schema-utils.ts(13,61): error TS2709: Cannot use namespace 'Schema' as a type.
src/services/pipeline/producers/object/schema-utils.ts(22,25): error TS2304: Cannot find name 'Product'.
src/services/pipeline/producers/object/schema-utils.ts(35,25): error TS2304: Cannot find name 'Person'.
src/services/pipeline/producers/object/schema-utils.ts(47,25): error TS2304: Cannot find name 'Metadata'.
src/services/pipeline/producers/object/schema-utils.ts(61,25): error TS2304: Cannot find name 'Task'.
src/services/pipeline/producers/object/schema-utils.ts(79,25): error TS2304: Cannot find name 'ChatMessage'.
src/services/pipeline/producers/object/schema-utils.ts(92,25): error TS2304: Cannot find name 'Address'.
src/services/pipeline/producers/object/service.ts(109,48): error TS2304: Cannot find name 'EffectiveInput'.
src/services/pipeline/producers/text/__tests__/service.test.ts(1,36): error TS2307: Cannot find module '@/services/test-harness/service.js' or its corresponding type declarations.
src/services/pipeline/producers/text/__tests__/service.test.ts(49,23): error TS2339: Property 'text' does not exist on type 'EffectiveResponse<GenerateTextResult>'.
src/services/pipeline/producers/text/__tests__/service.test.ts(50,30): error TS2339: Property 'text' does not exist on type 'EffectiveResponse<GenerateTextResult>'.
src/services/pipeline/producers/text/__tests__/service.test.ts(66,23): error TS2339: Property 'text' does not exist on type 'EffectiveResponse<GenerateTextResult>'.
src/services/pipeline/producers/text/__tests__/service.test.ts(67,30): error TS2339: Property 'text' does not exist on type 'EffectiveResponse<GenerateTextResult>'.
src/services/pipeline/producers/text/schema.ts(8,42): error TS2304: Cannot find name 'Schema'.
src/services/pipeline/producers/text/schema.ts(9,11): error TS2304: Cannot find name 'Schema'.
src/services/pipeline/producers/text/schema.ts(10,14): error TS2304: Cannot find name 'Schema'.
src/services/pipeline/producers/text/schema.ts(10,30): error TS2304: Cannot find name 'Schema'.
src/services/pipeline/producers/text/schema.ts(11,16): error TS2304: Cannot find name 'Schema'.
src/services/pipeline/producers/text/schema.ts(11,32): error TS2304: Cannot find name 'Schema'.
src/services/pipeline/producers/text/schema.ts(12,12): error TS2304: Cannot find name 'Schema'.
src/services/pipeline/producers/text/schema.ts(12,28): error TS2304: Cannot find name 'Schema'.
src/services/pipeline/producers/text/schema.ts(13,14): error TS2304: Cannot find name 'Schema'.
src/services/pipeline/producers/text/schema.ts(13,30): error TS2304: Cannot find name 'Schema'.
src/services/pipeline/producers/text/schema.ts(14,11): error TS2304: Cannot find name 'Schema'.
src/services/pipeline/producers/text/schema.ts(14,27): error TS2304: Cannot find name 'Schema'.
src/services/pipeline/producers/text/schema.ts(15,13): error TS2304: Cannot find name 'Schema'.
src/services/pipeline/producers/text/schema.ts(15,29): error TS2304: Cannot find name 'Schema'.
src/services/pipeline/producers/text/schema.ts(16,17): error TS2304: Cannot find name 'Schema'.
src/services/pipeline/producers/text/schema.ts(16,33): error TS2304: Cannot find name 'Schema'.
src/services/pipeline/producers/text/schema.ts(17,15): error TS2304: Cannot find name 'Schema'.
src/services/pipeline/producers/text/schema.ts(17,31): error TS2304: Cannot find name 'Schema'.
src/services/pipeline/producers/text/schema.ts(18,9): error TS2304: Cannot find name 'Schema'.
src/services/pipeline/producers/text/schema.ts(18,25): error TS2304: Cannot find name 'Schema'.
src/services/pipeline/producers/text/schema.ts(19,9): error TS2304: Cannot find name 'Schema'.
src/services/pipeline/producers/text/schema.ts(19,25): error TS2304: Cannot find name 'Schema'.
src/services/pipeline/producers/text/schema.ts(20,20): error TS2304: Cannot find name 'Schema'.
src/services/pipeline/producers/text/schema.ts(20,36): error TS2304: Cannot find name 'Schema'.
src/services/pipeline/producers/text/schema.ts(21,21): error TS2304: Cannot find name 'Schema'.
src/services/pipeline/producers/text/schema.ts(21,37): error TS2304: Cannot find name 'Schema'.
src/services/pipeline/producers/text/schema.ts(22,9): error TS2304: Cannot find name 'Schema'.
src/services/pipeline/producers/text/schema.ts(22,25): error TS2304: Cannot find name 'Schema'.
src/services/pipeline/producers/text/schema.ts(23,9): error TS2304: Cannot find name 'Schema'.
src/services/pipeline/producers/text/schema.ts(23,25): error TS2304: Cannot find name 'Schema'.
src/services/pipeline/producers/text/schema.ts(23,38): error TS2304: Cannot find name 'Schema'.
src/services/pipeline/producers/text/schema.ts(27,43): error TS2304: Cannot find name 'Schema'.
src/services/pipeline/producers/text/schema.ts(28,9): error TS2304: Cannot find name 'Schema'.
src/services/pipeline/producers/text/schema.ts(29,10): error TS2304: Cannot find name 'Schema'.
src/services/pipeline/producers/text/schema.ts(29,23): error TS2304: Cannot find name 'Usage'.
src/services/pipeline/producers/text/schema.ts(30,19): error TS2304: Cannot find name 'Schema'.
src/services/pipeline/producers/text/schema.ts(31,23): error TS2304: Cannot find name 'Schema'.
src/services/pipeline/producers/text/schema.ts(32,18): error TS2304: Cannot find name 'Schema'.
src/services/pipeline/producers/text/service.ts(134,38): error TS2304: Cannot find name 'EffectiveInput'.
src/services/pipeline/producers/text/service.ts(144,17): error TS2353: Object literal may only specify known properties, and 'maxRetries' does not exist in type 'BaseProviderParameters'.
src/services/pipeline/producers/transcription/service.ts(8,40): error TS2307: Cannot find module '@/services/ai/pipeline/types.js' or its corresponding type declarations.
src/services/pipeline/producers/transcription/service.ts(184,25): error TS2322: Type 'ArrayBufferLike' is not assignable to type 'ArrayBuffer'.
  Type 'SharedArrayBuffer' is not assignable to type 'ArrayBuffer'.
src/services/pipeline/producers/transcription/service.ts(193,29): error TS2322: Type 'ArrayBufferLike' is not assignable to type 'ArrayBuffer'.
  Type 'SharedArrayBuffer' is not assignable to type 'ArrayBuffer'.
src/services/pipeline/schema.ts(10,67): error TS2562: Base class expressions cannot reference class type parameters.
src/services/pipeline/schema.ts(11,13): error TS2551: Property 'any' does not exist on type 'typeof import("/Users/paul/Projects/EffectiveAgent/node_modules/effect/dist/dts/Schema")'. Did you mean 'Any'?
src/services/pipeline/schema.ts(11,29): error TS2562: Base class expressions cannot reference class type parameters.
src/services/pipeline/schema.ts(14,20): error TS2304: Cannot find name 'Usage'.
src/services/pipeline/service.ts(77,3): error TS2353: Object literal may only specify known properties, and 'maxRetries' does not exist in type 'Required<PipelineConfig>'.
src/services/pipeline/service.ts(89,16): error TS2339: Property 'maxRetries' does not exist on type 'PipelineConfig'.
src/services/pipeline/service.ts(89,52): error TS2339: Property 'maxRetries' does not exist on type 'PipelineConfig'.
src/services/pipeline/service.ts(89,95): error TS2339: Property 'maxRetries' does not exist on type 'PipelineConfig'.
src/services/pipeline/service.ts(93,16): error TS2339: Property 'retryDelay' does not exist on type 'PipelineConfig'.
src/services/pipeline/service.ts(93,69): error TS2339: Property 'retryDelay' does not exist on type 'PipelineConfig'.
src/test-utils.ts(18,45): error TS2345: Argument of type 'Effect<Runtime<T>, E, Scope>' is not assignable to parameter of type 'Effect<Runtime<T>, E, never>'.
  Type 'Scope' is not assignable to type 'never'.
src/test-utils.ts(19,12): error TS2322: Type '(self: Context<unknown>) => T' is not assignable to type 'T'.
  'T' could be instantiated with an arbitrary type which could be unrelated to '(self: Context<unknown>) => T'.
